/srv/home/nkrakauer/anaconda3/envs/deepchem/lib/python3.6/site-packages/sklearn/externals/joblib/__init__.py:15: DeprecationWarning: sklearn.externals.joblib is deprecated in 0.21 and will be removed in 0.23. Please import this functionality directly from joblib, which can be installed with: pip install joblib. If this warning is raised when loading pickled models, you may need to re-serialize those models with scikit-learn 0.21+.
  warnings.warn(msg, category=DeprecationWarning)
WARNING: Logging before flag parsing goes to stderr.
W0802 17:05:24.518657 140603377186624 deprecation_wrapper.py:119] From /srv/home/nkrakauer/anaconda3/envs/deepchem/lib/python3.6/site-packages/deepchem/models/tensorgraph/tensor_graph.py:715: The name tf.placeholder is deprecated. Please use tf.compat.v1.placeholder instead.

W0802 17:05:24.528939 140603377186624 deprecation_wrapper.py:119] From /srv/home/nkrakauer/anaconda3/envs/deepchem/lib/python3.6/site-packages/deepchem/models/tensorgraph/layers.py:2464: The name tf.FIFOQueue is deprecated. Please use tf.queue.FIFOQueue instead.

W0802 17:05:24.535461 140603377186624 deprecation_wrapper.py:119] From /srv/home/nkrakauer/anaconda3/envs/deepchem/lib/python3.6/site-packages/deepchem/models/tensorgraph/layers.py:1216: The name tf.placeholder_with_default is deprecated. Please use tf.compat.v1.placeholder_with_default instead.

W0802 17:05:25.044532 140603377186624 deprecation.py:506] From /srv/home/nkrakauer/anaconda3/envs/deepchem/lib/python3.6/site-packages/deepchem/models/tensorgraph/model_ops.py:261: calling RandomUniform.__init__ (from tensorflow.python.ops.init_ops) with dtype is deprecated and will be removed in a future version.
Instructions for updating:
Call initializer instance with the dtype argument instead of passing it to the constructor
W0802 17:05:25.056351 140603377186624 deprecation.py:506] From /srv/home/nkrakauer/anaconda3/envs/deepchem/lib/python3.6/site-packages/deepchem/models/tensorgraph/model_ops.py:450: calling Constant.__init__ (from tensorflow.python.ops.init_ops) with dtype is deprecated and will be removed in a future version.
Instructions for updating:
Call initializer instance with the dtype argument instead of passing it to the constructor
W0802 17:05:25.099058 140603377186624 deprecation_wrapper.py:119] From /srv/home/nkrakauer/anaconda3/envs/deepchem/lib/python3.6/site-packages/tensorflow/python/autograph/converters/directives.py:117: The name tf.nn.xw_plus_b is deprecated. Please use tf.compat.v1.nn.xw_plus_b instead.

W0802 17:05:25.101187 140603377186624 deprecation_wrapper.py:119] From /srv/home/nkrakauer/anaconda3/envs/deepchem/lib/python3.6/site-packages/tensorflow/python/autograph/converters/directives.py:117: The name tf.segment_sum is deprecated. Please use tf.math.segment_sum instead.

W0802 17:05:26.376667 140603377186624 deprecation_wrapper.py:119] From /srv/home/nkrakauer/anaconda3/envs/deepchem/lib/python3.6/site-packages/deepchem/models/tensorgraph/tensor_graph.py:728: The name tf.Session is deprecated. Please use tf.compat.v1.Session instead.

2019-08-02 17:05:26.378439: I tensorflow/core/platform/cpu_feature_guard.cc:142] Your CPU supports instructions that this TensorFlow binary was not compiled to use: AVX2 FMA
2019-08-02 17:05:26.404246: I tensorflow/core/platform/profile_utils/cpu_utils.cc:94] CPU Frequency: 2300025000 Hz
2019-08-02 17:05:26.405126: I tensorflow/compiler/xla/service/service.cc:168] XLA service 0x559538988580 executing computations on platform Host. Devices:
2019-08-02 17:05:26.405626: I tensorflow/compiler/xla/service/service.cc:175]   StreamExecutor device (0): <undefined>, <undefined>
W0802 17:05:26.411603 140603377186624 deprecation_wrapper.py:119] From /srv/home/nkrakauer/anaconda3/envs/deepchem/lib/python3.6/site-packages/deepchem/models/tensorgraph/optimizers.py:76: The name tf.train.AdamOptimizer is deprecated. Please use tf.compat.v1.train.AdamOptimizer instead.

2019-08-02 17:05:27.899624: W tensorflow/compiler/jit/mark_for_compilation_pass.cc:1412] (One-time warning): Not using XLA:CPU for cluster because envvar TF_XLA_FLAGS=--tf_xla_cpu_global_jit was not set.  If you want XLA:CPU, either set that envvar, or use experimental_jit_scope to enable XLA:CPU.  To confirm that XLA is active, pass --vmodule=xla_compilation_cache=1 (as a proper command-line flag, not via TF_XLA_FLAGS) or set the envvar XLA_FLAGS=--xla_hlo_profile.
W0802 17:05:27.922552 140603377186624 deprecation_wrapper.py:119] From /srv/home/nkrakauer/anaconda3/envs/deepchem/lib/python3.6/site-packages/deepchem/models/tensorgraph/tensor_graph.py:749: The name tf.summary.scalar is deprecated. Please use tf.compat.v1.summary.scalar instead.

2019-08-02 17:05:29.963064: E tensorflow/core/grappler/optimizers/dependency_optimizer.cc:697] Iteration = 0, topological sort failed with message: The graph couldn't be sorted in topological order.
2019-08-02 17:05:29.984288: E tensorflow/core/grappler/optimizers/dependency_optimizer.cc:697] Iteration = 1, topological sort failed with message: The graph couldn't be sorted in topological order.
2019-08-02 17:05:30.088731: E tensorflow/core/grappler/optimizers/meta_optimizer.cc:502] remapper failed: Invalid argument: The graph couldn't be sorted in topological order.
2019-08-02 17:05:30.095961: E tensorflow/core/grappler/optimizers/meta_optimizer.cc:502] arithmetic_optimizer failed: Invalid argument: The graph couldn't be sorted in topological order.
2019-08-02 17:05:30.102473: E tensorflow/core/grappler/optimizers/dependency_optimizer.cc:697] Iteration = 0, topological sort failed with message: The graph couldn't be sorted in topological order.
2019-08-02 17:05:30.116013: E tensorflow/core/grappler/optimizers/dependency_optimizer.cc:697] Iteration = 1, topological sort failed with message: The graph couldn't be sorted in topological order.
2019-08-02 17:25:22.950195: E tensorflow/core/grappler/optimizers/dependency_optimizer.cc:697] Iteration = 0, topological sort failed with message: The graph couldn't be sorted in topological order.
2019-08-02 17:25:22.967096: E tensorflow/core/grappler/optimizers/dependency_optimizer.cc:697] Iteration = 1, topological sort failed with message: The graph couldn't be sorted in topological order.
2019-08-02 17:25:23.045406: E tensorflow/core/grappler/optimizers/meta_optimizer.cc:502] remapper failed: Invalid argument: The graph couldn't be sorted in topological order.
2019-08-02 17:25:23.051380: E tensorflow/core/grappler/optimizers/meta_optimizer.cc:502] arithmetic_optimizer failed: Invalid argument: The graph couldn't be sorted in topological order.
2019-08-02 17:25:23.057910: E tensorflow/core/grappler/optimizers/dependency_optimizer.cc:697] Iteration = 0, topological sort failed with message: The graph couldn't be sorted in topological order.
2019-08-02 17:25:23.069899: E tensorflow/core/grappler/optimizers/dependency_optimizer.cc:697] Iteration = 1, topological sort failed with message: The graph couldn't be sorted in topological order.
2019-08-02 17:37:53.718934: E tensorflow/core/grappler/optimizers/dependency_optimizer.cc:697] Iteration = 0, topological sort failed with message: The graph couldn't be sorted in topological order.
2019-08-02 17:37:53.737170: E tensorflow/core/grappler/optimizers/dependency_optimizer.cc:697] Iteration = 1, topological sort failed with message: The graph couldn't be sorted in topological order.
2019-08-02 17:37:53.826934: E tensorflow/core/grappler/optimizers/meta_optimizer.cc:502] remapper failed: Invalid argument: The graph couldn't be sorted in topological order.
2019-08-02 17:37:53.834205: E tensorflow/core/grappler/optimizers/meta_optimizer.cc:502] arithmetic_optimizer failed: Invalid argument: The graph couldn't be sorted in topological order.
2019-08-02 17:37:53.841795: E tensorflow/core/grappler/optimizers/dependency_optimizer.cc:697] Iteration = 0, topological sort failed with message: The graph couldn't be sorted in topological order.
2019-08-02 17:37:53.853804: E tensorflow/core/grappler/optimizers/dependency_optimizer.cc:697] Iteration = 1, topological sort failed with message: The graph couldn't be sorted in topological order.
2019-08-02 17:50:29.853682: E tensorflow/core/grappler/optimizers/dependency_optimizer.cc:697] Iteration = 0, topological sort failed with message: The graph couldn't be sorted in topological order.
2019-08-02 17:50:29.871128: E tensorflow/core/grappler/optimizers/dependency_optimizer.cc:697] Iteration = 1, topological sort failed with message: The graph couldn't be sorted in topological order.
2019-08-02 17:50:29.959398: E tensorflow/core/grappler/optimizers/meta_optimizer.cc:502] remapper failed: Invalid argument: The graph couldn't be sorted in topological order.
2019-08-02 17:50:29.966180: E tensorflow/core/grappler/optimizers/meta_optimizer.cc:502] arithmetic_optimizer failed: Invalid argument: The graph couldn't be sorted in topological order.
2019-08-02 17:50:29.972266: E tensorflow/core/grappler/optimizers/dependency_optimizer.cc:697] Iteration = 0, topological sort failed with message: The graph couldn't be sorted in topological order.
2019-08-02 17:50:29.983734: E tensorflow/core/grappler/optimizers/dependency_optimizer.cc:697] Iteration = 1, topological sort failed with message: The graph couldn't be sorted in topological order.
2019-08-02 18:02:54.320597: E tensorflow/core/grappler/optimizers/dependency_optimizer.cc:697] Iteration = 0, topological sort failed with message: The graph couldn't be sorted in topological order.
2019-08-02 18:02:54.337509: E tensorflow/core/grappler/optimizers/dependency_optimizer.cc:697] Iteration = 1, topological sort failed with message: The graph couldn't be sorted in topological order.
2019-08-02 18:02:54.418487: E tensorflow/core/grappler/optimizers/meta_optimizer.cc:502] remapper failed: Invalid argument: The graph couldn't be sorted in topological order.
2019-08-02 18:02:54.424523: E tensorflow/core/grappler/optimizers/meta_optimizer.cc:502] arithmetic_optimizer failed: Invalid argument: The graph couldn't be sorted in topological order.
2019-08-02 18:02:54.431410: E tensorflow/core/grappler/optimizers/dependency_optimizer.cc:697] Iteration = 0, topological sort failed with message: The graph couldn't be sorted in topological order.
2019-08-02 18:02:54.442205: E tensorflow/core/grappler/optimizers/dependency_optimizer.cc:697] Iteration = 1, topological sort failed with message: The graph couldn't be sorted in topological order.
2019-08-02 18:14:42.872175: E tensorflow/core/grappler/optimizers/dependency_optimizer.cc:697] Iteration = 0, topological sort failed with message: The graph couldn't be sorted in topological order.
2019-08-02 18:14:42.890476: E tensorflow/core/grappler/optimizers/dependency_optimizer.cc:697] Iteration = 1, topological sort failed with message: The graph couldn't be sorted in topological order.
2019-08-02 18:14:42.976589: E tensorflow/core/grappler/optimizers/meta_optimizer.cc:502] remapper failed: Invalid argument: The graph couldn't be sorted in topological order.
2019-08-02 18:14:42.983328: E tensorflow/core/grappler/optimizers/meta_optimizer.cc:502] arithmetic_optimizer failed: Invalid argument: The graph couldn't be sorted in topological order.
2019-08-02 18:14:42.989330: E tensorflow/core/grappler/optimizers/dependency_optimizer.cc:697] Iteration = 0, topological sort failed with message: The graph couldn't be sorted in topological order.
2019-08-02 18:14:43.000296: E tensorflow/core/grappler/optimizers/dependency_optimizer.cc:697] Iteration = 1, topological sort failed with message: The graph couldn't be sorted in topological order.
2019-08-02 18:26:51.673692: E tensorflow/core/grappler/optimizers/dependency_optimizer.cc:697] Iteration = 0, topological sort failed with message: The graph couldn't be sorted in topological order.
2019-08-02 18:26:51.690112: E tensorflow/core/grappler/optimizers/dependency_optimizer.cc:697] Iteration = 1, topological sort failed with message: The graph couldn't be sorted in topological order.
2019-08-02 18:26:51.762330: E tensorflow/core/grappler/optimizers/meta_optimizer.cc:502] remapper failed: Invalid argument: The graph couldn't be sorted in topological order.
2019-08-02 18:26:51.768541: E tensorflow/core/grappler/optimizers/meta_optimizer.cc:502] arithmetic_optimizer failed: Invalid argument: The graph couldn't be sorted in topological order.
2019-08-02 18:26:51.774289: E tensorflow/core/grappler/optimizers/dependency_optimizer.cc:697] Iteration = 0, topological sort failed with message: The graph couldn't be sorted in topological order.
2019-08-02 18:26:51.784244: E tensorflow/core/grappler/optimizers/dependency_optimizer.cc:697] Iteration = 1, topological sort failed with message: The graph couldn't be sorted in topological order.
2019-08-02 18:39:05.905903: E tensorflow/core/grappler/optimizers/dependency_optimizer.cc:697] Iteration = 0, topological sort failed with message: The graph couldn't be sorted in topological order.
2019-08-02 18:39:05.922925: E tensorflow/core/grappler/optimizers/dependency_optimizer.cc:697] Iteration = 1, topological sort failed with message: The graph couldn't be sorted in topological order.
2019-08-02 18:39:05.997010: E tensorflow/core/grappler/optimizers/meta_optimizer.cc:502] remapper failed: Invalid argument: The graph couldn't be sorted in topological order.
2019-08-02 18:39:06.002863: E tensorflow/core/grappler/optimizers/meta_optimizer.cc:502] arithmetic_optimizer failed: Invalid argument: The graph couldn't be sorted in topological order.
2019-08-02 18:39:06.008275: E tensorflow/core/grappler/optimizers/dependency_optimizer.cc:697] Iteration = 0, topological sort failed with message: The graph couldn't be sorted in topological order.
2019-08-02 18:39:06.017419: E tensorflow/core/grappler/optimizers/dependency_optimizer.cc:697] Iteration = 1, topological sort failed with message: The graph couldn't be sorted in topological order.
2019-08-02 18:51:19.163916: E tensorflow/core/grappler/optimizers/dependency_optimizer.cc:697] Iteration = 0, topological sort failed with message: The graph couldn't be sorted in topological order.
2019-08-02 18:51:19.180929: E tensorflow/core/grappler/optimizers/dependency_optimizer.cc:697] Iteration = 1, topological sort failed with message: The graph couldn't be sorted in topological order.
2019-08-02 18:51:19.254298: E tensorflow/core/grappler/optimizers/meta_optimizer.cc:502] remapper failed: Invalid argument: The graph couldn't be sorted in topological order.
2019-08-02 18:51:19.260431: E tensorflow/core/grappler/optimizers/meta_optimizer.cc:502] arithmetic_optimizer failed: Invalid argument: The graph couldn't be sorted in topological order.
2019-08-02 18:51:19.266331: E tensorflow/core/grappler/optimizers/dependency_optimizer.cc:697] Iteration = 0, topological sort failed with message: The graph couldn't be sorted in topological order.
2019-08-02 18:51:19.276565: E tensorflow/core/grappler/optimizers/dependency_optimizer.cc:697] Iteration = 1, topological sort failed with message: The graph couldn't be sorted in topological order.
2019-08-02 19:03:29.238678: E tensorflow/core/grappler/optimizers/dependency_optimizer.cc:697] Iteration = 0, topological sort failed with message: The graph couldn't be sorted in topological order.
2019-08-02 19:03:29.254443: E tensorflow/core/grappler/optimizers/dependency_optimizer.cc:697] Iteration = 1, topological sort failed with message: The graph couldn't be sorted in topological order.
2019-08-02 19:03:29.321809: E tensorflow/core/grappler/optimizers/meta_optimizer.cc:502] remapper failed: Invalid argument: The graph couldn't be sorted in topological order.
2019-08-02 19:03:29.327556: E tensorflow/core/grappler/optimizers/meta_optimizer.cc:502] arithmetic_optimizer failed: Invalid argument: The graph couldn't be sorted in topological order.
2019-08-02 19:03:29.332956: E tensorflow/core/grappler/optimizers/dependency_optimizer.cc:697] Iteration = 0, topological sort failed with message: The graph couldn't be sorted in topological order.
2019-08-02 19:03:29.341913: E tensorflow/core/grappler/optimizers/dependency_optimizer.cc:697] Iteration = 1, topological sort failed with message: The graph couldn't be sorted in topological order.
2019-08-02 19:15:34.474430: E tensorflow/core/grappler/optimizers/dependency_optimizer.cc:697] Iteration = 0, topological sort failed with message: The graph couldn't be sorted in topological order.
2019-08-02 19:15:34.490040: E tensorflow/core/grappler/optimizers/dependency_optimizer.cc:697] Iteration = 1, topological sort failed with message: The graph couldn't be sorted in topological order.
2019-08-02 19:15:34.566685: E tensorflow/core/grappler/optimizers/meta_optimizer.cc:502] remapper failed: Invalid argument: The graph couldn't be sorted in topological order.
2019-08-02 19:15:34.573052: E tensorflow/core/grappler/optimizers/meta_optimizer.cc:502] arithmetic_optimizer failed: Invalid argument: The graph couldn't be sorted in topological order.
2019-08-02 19:15:34.579310: E tensorflow/core/grappler/optimizers/dependency_optimizer.cc:697] Iteration = 0, topological sort failed with message: The graph couldn't be sorted in topological order.
2019-08-02 19:15:34.589323: E tensorflow/core/grappler/optimizers/dependency_optimizer.cc:697] Iteration = 1, topological sort failed with message: The graph couldn't be sorted in topological order.
2019-08-02 19:27:37.573853: E tensorflow/core/grappler/optimizers/dependency_optimizer.cc:697] Iteration = 0, topological sort failed with message: The graph couldn't be sorted in topological order.
2019-08-02 19:27:37.589597: E tensorflow/core/grappler/optimizers/dependency_optimizer.cc:697] Iteration = 1, topological sort failed with message: The graph couldn't be sorted in topological order.
2019-08-02 19:27:37.656780: E tensorflow/core/grappler/optimizers/meta_optimizer.cc:502] remapper failed: Invalid argument: The graph couldn't be sorted in topological order.
2019-08-02 19:27:37.663009: E tensorflow/core/grappler/optimizers/meta_optimizer.cc:502] arithmetic_optimizer failed: Invalid argument: The graph couldn't be sorted in topological order.
2019-08-02 19:27:37.668917: E tensorflow/core/grappler/optimizers/dependency_optimizer.cc:697] Iteration = 0, topological sort failed with message: The graph couldn't be sorted in topological order.
2019-08-02 19:27:37.678861: E tensorflow/core/grappler/optimizers/dependency_optimizer.cc:697] Iteration = 1, topological sort failed with message: The graph couldn't be sorted in topological order.
2019-08-02 19:44:33.768513: E tensorflow/core/grappler/optimizers/dependency_optimizer.cc:697] Iteration = 0, topological sort failed with message: The graph couldn't be sorted in topological order.
2019-08-02 19:44:33.784645: E tensorflow/core/grappler/optimizers/dependency_optimizer.cc:697] Iteration = 1, topological sort failed with message: The graph couldn't be sorted in topological order.
2019-08-02 19:44:33.857828: E tensorflow/core/grappler/optimizers/meta_optimizer.cc:502] remapper failed: Invalid argument: The graph couldn't be sorted in topological order.
2019-08-02 19:44:33.863857: E tensorflow/core/grappler/optimizers/meta_optimizer.cc:502] arithmetic_optimizer failed: Invalid argument: The graph couldn't be sorted in topological order.
2019-08-02 19:44:33.869444: E tensorflow/core/grappler/optimizers/dependency_optimizer.cc:697] Iteration = 0, topological sort failed with message: The graph couldn't be sorted in topological order.
2019-08-02 19:44:33.878752: E tensorflow/core/grappler/optimizers/dependency_optimizer.cc:697] Iteration = 1, topological sort failed with message: The graph couldn't be sorted in topological order.
2019-08-02 20:04:02.226895: E tensorflow/core/grappler/optimizers/dependency_optimizer.cc:697] Iteration = 0, topological sort failed with message: The graph couldn't be sorted in topological order.
2019-08-02 20:04:02.243039: E tensorflow/core/grappler/optimizers/dependency_optimizer.cc:697] Iteration = 1, topological sort failed with message: The graph couldn't be sorted in topological order.
2019-08-02 20:04:02.309615: E tensorflow/core/grappler/optimizers/meta_optimizer.cc:502] remapper failed: Invalid argument: The graph couldn't be sorted in topological order.
2019-08-02 20:04:02.315226: E tensorflow/core/grappler/optimizers/meta_optimizer.cc:502] arithmetic_optimizer failed: Invalid argument: The graph couldn't be sorted in topological order.
2019-08-02 20:04:02.320613: E tensorflow/core/grappler/optimizers/dependency_optimizer.cc:697] Iteration = 0, topological sort failed with message: The graph couldn't be sorted in topological order.
2019-08-02 20:04:02.330223: E tensorflow/core/grappler/optimizers/dependency_optimizer.cc:697] Iteration = 1, topological sort failed with message: The graph couldn't be sorted in topological order.
2019-08-02 20:22:46.951334: E tensorflow/core/grappler/optimizers/dependency_optimizer.cc:697] Iteration = 0, topological sort failed with message: The graph couldn't be sorted in topological order.
2019-08-02 20:22:46.966973: E tensorflow/core/grappler/optimizers/dependency_optimizer.cc:697] Iteration = 1, topological sort failed with message: The graph couldn't be sorted in topological order.
2019-08-02 20:22:47.033590: E tensorflow/core/grappler/optimizers/meta_optimizer.cc:502] remapper failed: Invalid argument: The graph couldn't be sorted in topological order.
2019-08-02 20:22:47.039007: E tensorflow/core/grappler/optimizers/meta_optimizer.cc:502] arithmetic_optimizer failed: Invalid argument: The graph couldn't be sorted in topological order.
2019-08-02 20:22:47.044334: E tensorflow/core/grappler/optimizers/dependency_optimizer.cc:697] Iteration = 0, topological sort failed with message: The graph couldn't be sorted in topological order.
2019-08-02 20:22:47.053000: E tensorflow/core/grappler/optimizers/dependency_optimizer.cc:697] Iteration = 1, topological sort failed with message: The graph couldn't be sorted in topological order.
2019-08-02 20:41:56.460517: E tensorflow/core/grappler/optimizers/dependency_optimizer.cc:697] Iteration = 0, topological sort failed with message: The graph couldn't be sorted in topological order.
2019-08-02 20:41:56.476266: E tensorflow/core/grappler/optimizers/dependency_optimizer.cc:697] Iteration = 1, topological sort failed with message: The graph couldn't be sorted in topological order.
2019-08-02 20:41:56.550854: E tensorflow/core/grappler/optimizers/meta_optimizer.cc:502] remapper failed: Invalid argument: The graph couldn't be sorted in topological order.
2019-08-02 20:41:56.557060: E tensorflow/core/grappler/optimizers/meta_optimizer.cc:502] arithmetic_optimizer failed: Invalid argument: The graph couldn't be sorted in topological order.
2019-08-02 20:41:56.562970: E tensorflow/core/grappler/optimizers/dependency_optimizer.cc:697] Iteration = 0, topological sort failed with message: The graph couldn't be sorted in topological order.
2019-08-02 20:41:56.572766: E tensorflow/core/grappler/optimizers/dependency_optimizer.cc:697] Iteration = 1, topological sort failed with message: The graph couldn't be sorted in topological order.
2019-08-02 21:01:25.056572: E tensorflow/core/grappler/optimizers/dependency_optimizer.cc:697] Iteration = 0, topological sort failed with message: The graph couldn't be sorted in topological order.
2019-08-02 21:01:25.073007: E tensorflow/core/grappler/optimizers/dependency_optimizer.cc:697] Iteration = 1, topological sort failed with message: The graph couldn't be sorted in topological order.
2019-08-02 21:01:25.145116: E tensorflow/core/grappler/optimizers/meta_optimizer.cc:502] remapper failed: Invalid argument: The graph couldn't be sorted in topological order.
2019-08-02 21:01:25.150627: E tensorflow/core/grappler/optimizers/meta_optimizer.cc:502] arithmetic_optimizer failed: Invalid argument: The graph couldn't be sorted in topological order.
2019-08-02 21:01:25.155854: E tensorflow/core/grappler/optimizers/dependency_optimizer.cc:697] Iteration = 0, topological sort failed with message: The graph couldn't be sorted in topological order.
2019-08-02 21:01:25.164494: E tensorflow/core/grappler/optimizers/dependency_optimizer.cc:697] Iteration = 1, topological sort failed with message: The graph couldn't be sorted in topological order.
2019-08-02 21:19:48.546177: E tensorflow/core/grappler/optimizers/dependency_optimizer.cc:697] Iteration = 0, topological sort failed with message: The graph couldn't be sorted in topological order.
2019-08-02 21:19:48.562470: E tensorflow/core/grappler/optimizers/dependency_optimizer.cc:697] Iteration = 1, topological sort failed with message: The graph couldn't be sorted in topological order.
2019-08-02 21:19:48.630780: E tensorflow/core/grappler/optimizers/meta_optimizer.cc:502] remapper failed: Invalid argument: The graph couldn't be sorted in topological order.
2019-08-02 21:19:48.636413: E tensorflow/core/grappler/optimizers/meta_optimizer.cc:502] arithmetic_optimizer failed: Invalid argument: The graph couldn't be sorted in topological order.
2019-08-02 21:19:48.641913: E tensorflow/core/grappler/optimizers/dependency_optimizer.cc:697] Iteration = 0, topological sort failed with message: The graph couldn't be sorted in topological order.
2019-08-02 21:19:48.651330: E tensorflow/core/grappler/optimizers/dependency_optimizer.cc:697] Iteration = 1, topological sort failed with message: The graph couldn't be sorted in topological order.
2019-08-02 21:39:35.071243: E tensorflow/core/grappler/optimizers/dependency_optimizer.cc:697] Iteration = 0, topological sort failed with message: The graph couldn't be sorted in topological order.
2019-08-02 21:39:35.087977: E tensorflow/core/grappler/optimizers/dependency_optimizer.cc:697] Iteration = 1, topological sort failed with message: The graph couldn't be sorted in topological order.
2019-08-02 21:39:35.162775: E tensorflow/core/grappler/optimizers/meta_optimizer.cc:502] remapper failed: Invalid argument: The graph couldn't be sorted in topological order.
2019-08-02 21:39:35.168252: E tensorflow/core/grappler/optimizers/meta_optimizer.cc:502] arithmetic_optimizer failed: Invalid argument: The graph couldn't be sorted in topological order.
2019-08-02 21:39:35.173741: E tensorflow/core/grappler/optimizers/dependency_optimizer.cc:697] Iteration = 0, topological sort failed with message: The graph couldn't be sorted in topological order.
2019-08-02 21:39:35.182780: E tensorflow/core/grappler/optimizers/dependency_optimizer.cc:697] Iteration = 1, topological sort failed with message: The graph couldn't be sorted in topological order.
2019-08-02 21:56:44.343607: E tensorflow/core/grappler/optimizers/dependency_optimizer.cc:697] Iteration = 0, topological sort failed with message: The graph couldn't be sorted in topological order.
2019-08-02 21:56:44.359656: E tensorflow/core/grappler/optimizers/dependency_optimizer.cc:697] Iteration = 1, topological sort failed with message: The graph couldn't be sorted in topological order.
2019-08-02 21:56:44.433836: E tensorflow/core/grappler/optimizers/meta_optimizer.cc:502] remapper failed: Invalid argument: The graph couldn't be sorted in topological order.
2019-08-02 21:56:44.439881: E tensorflow/core/grappler/optimizers/meta_optimizer.cc:502] arithmetic_optimizer failed: Invalid argument: The graph couldn't be sorted in topological order.
2019-08-02 21:56:44.445965: E tensorflow/core/grappler/optimizers/dependency_optimizer.cc:697] Iteration = 0, topological sort failed with message: The graph couldn't be sorted in topological order.
2019-08-02 21:56:44.455880: E tensorflow/core/grappler/optimizers/dependency_optimizer.cc:697] Iteration = 1, topological sort failed with message: The graph couldn't be sorted in topological order.
2019-08-02 22:12:00.593356: E tensorflow/core/grappler/optimizers/dependency_optimizer.cc:697] Iteration = 0, topological sort failed with message: The graph couldn't be sorted in topological order.
2019-08-02 22:12:00.611086: E tensorflow/core/grappler/optimizers/dependency_optimizer.cc:697] Iteration = 1, topological sort failed with message: The graph couldn't be sorted in topological order.
2019-08-02 22:12:00.691547: E tensorflow/core/grappler/optimizers/meta_optimizer.cc:502] remapper failed: Invalid argument: The graph couldn't be sorted in topological order.
2019-08-02 22:12:00.697406: E tensorflow/core/grappler/optimizers/meta_optimizer.cc:502] arithmetic_optimizer failed: Invalid argument: The graph couldn't be sorted in topological order.
2019-08-02 22:12:00.702805: E tensorflow/core/grappler/optimizers/dependency_optimizer.cc:697] Iteration = 0, topological sort failed with message: The graph couldn't be sorted in topological order.
2019-08-02 22:12:00.712160: E tensorflow/core/grappler/optimizers/dependency_optimizer.cc:697] Iteration = 1, topological sort failed with message: The graph couldn't be sorted in topological order.
2019-08-02 22:28:19.173460: E tensorflow/core/grappler/optimizers/dependency_optimizer.cc:697] Iteration = 0, topological sort failed with message: The graph couldn't be sorted in topological order.
2019-08-02 22:28:19.190154: E tensorflow/core/grappler/optimizers/dependency_optimizer.cc:697] Iteration = 1, topological sort failed with message: The graph couldn't be sorted in topological order.
2019-08-02 22:28:19.258660: E tensorflow/core/grappler/optimizers/meta_optimizer.cc:502] remapper failed: Invalid argument: The graph couldn't be sorted in topological order.
2019-08-02 22:28:19.265174: E tensorflow/core/grappler/optimizers/meta_optimizer.cc:502] arithmetic_optimizer failed: Invalid argument: The graph couldn't be sorted in topological order.
2019-08-02 22:28:19.270964: E tensorflow/core/grappler/optimizers/dependency_optimizer.cc:697] Iteration = 0, topological sort failed with message: The graph couldn't be sorted in topological order.
2019-08-02 22:28:19.280620: E tensorflow/core/grappler/optimizers/dependency_optimizer.cc:697] Iteration = 1, topological sort failed with message: The graph couldn't be sorted in topological order.
2019-08-02 22:45:34.487526: E tensorflow/core/grappler/optimizers/dependency_optimizer.cc:697] Iteration = 0, topological sort failed with message: The graph couldn't be sorted in topological order.
2019-08-02 22:45:34.502901: E tensorflow/core/grappler/optimizers/dependency_optimizer.cc:697] Iteration = 1, topological sort failed with message: The graph couldn't be sorted in topological order.
2019-08-02 22:45:34.576365: E tensorflow/core/grappler/optimizers/meta_optimizer.cc:502] remapper failed: Invalid argument: The graph couldn't be sorted in topological order.
2019-08-02 22:45:34.583202: E tensorflow/core/grappler/optimizers/meta_optimizer.cc:502] arithmetic_optimizer failed: Invalid argument: The graph couldn't be sorted in topological order.
2019-08-02 22:45:34.589372: E tensorflow/core/grappler/optimizers/dependency_optimizer.cc:697] Iteration = 0, topological sort failed with message: The graph couldn't be sorted in topological order.
2019-08-02 22:45:34.598761: E tensorflow/core/grappler/optimizers/dependency_optimizer.cc:697] Iteration = 1, topological sort failed with message: The graph couldn't be sorted in topological order.
2019-08-02 22:53:23.986570: W tensorflow/core/framework/op_kernel.cc:1502] OP_REQUIRES failed at batch_matmul_op_impl.h:635 : Resource exhausted: OOM when allocating tensor with shape[7016,100,100] and type float on /job:localhost/replica:0/task:0/device:CPU:0 by allocator cpu
