/srv/home/nkrakauer/anaconda3/envs/deepchem/lib/python3.6/site-packages/sklearn/externals/joblib/__init__.py:15: DeprecationWarning: sklearn.externals.joblib is deprecated in 0.21 and will be removed in 0.23. Please import this functionality directly from joblib, which can be installed with: pip install joblib. If this warning is raised when loading pickled models, you may need to re-serialize those models with scikit-learn 0.21+.
  warnings.warn(msg, category=DeprecationWarning)
WARNING: Logging before flag parsing goes to stderr.
W0802 17:04:44.623377 140438962919232 deprecation_wrapper.py:119] From /srv/home/nkrakauer/anaconda3/envs/deepchem/lib/python3.6/site-packages/deepchem/models/tensorgraph/tensor_graph.py:715: The name tf.placeholder is deprecated. Please use tf.compat.v1.placeholder instead.

W0802 17:04:44.631750 140438962919232 deprecation_wrapper.py:119] From /srv/home/nkrakauer/anaconda3/envs/deepchem/lib/python3.6/site-packages/deepchem/models/tensorgraph/layers.py:2464: The name tf.FIFOQueue is deprecated. Please use tf.queue.FIFOQueue instead.

W0802 17:04:44.636697 140438962919232 deprecation_wrapper.py:119] From /srv/home/nkrakauer/anaconda3/envs/deepchem/lib/python3.6/site-packages/deepchem/models/tensorgraph/layers.py:1216: The name tf.placeholder_with_default is deprecated. Please use tf.compat.v1.placeholder_with_default instead.

W0802 17:04:45.065532 140438962919232 deprecation.py:506] From /srv/home/nkrakauer/anaconda3/envs/deepchem/lib/python3.6/site-packages/deepchem/models/tensorgraph/model_ops.py:261: calling RandomUniform.__init__ (from tensorflow.python.ops.init_ops) with dtype is deprecated and will be removed in a future version.
Instructions for updating:
Call initializer instance with the dtype argument instead of passing it to the constructor
W0802 17:04:45.075326 140438962919232 deprecation.py:506] From /srv/home/nkrakauer/anaconda3/envs/deepchem/lib/python3.6/site-packages/deepchem/models/tensorgraph/model_ops.py:450: calling Constant.__init__ (from tensorflow.python.ops.init_ops) with dtype is deprecated and will be removed in a future version.
Instructions for updating:
Call initializer instance with the dtype argument instead of passing it to the constructor
W0802 17:04:45.112025 140438962919232 deprecation_wrapper.py:119] From /srv/home/nkrakauer/anaconda3/envs/deepchem/lib/python3.6/site-packages/tensorflow/python/autograph/converters/directives.py:117: The name tf.nn.xw_plus_b is deprecated. Please use tf.compat.v1.nn.xw_plus_b instead.

W0802 17:04:45.113620 140438962919232 deprecation_wrapper.py:119] From /srv/home/nkrakauer/anaconda3/envs/deepchem/lib/python3.6/site-packages/tensorflow/python/autograph/converters/directives.py:117: The name tf.segment_sum is deprecated. Please use tf.math.segment_sum instead.

W0802 17:04:46.228115 140438962919232 deprecation_wrapper.py:119] From /srv/home/nkrakauer/anaconda3/envs/deepchem/lib/python3.6/site-packages/deepchem/models/tensorgraph/tensor_graph.py:728: The name tf.Session is deprecated. Please use tf.compat.v1.Session instead.

2019-08-02 17:04:46.229401: I tensorflow/core/platform/cpu_feature_guard.cc:142] Your CPU supports instructions that this TensorFlow binary was not compiled to use: AVX2 FMA
2019-08-02 17:04:46.255726: I tensorflow/core/platform/profile_utils/cpu_utils.cc:94] CPU Frequency: 2300025000 Hz
2019-08-02 17:04:46.256589: I tensorflow/compiler/xla/service/service.cc:168] XLA service 0x5649087a8b80 executing computations on platform Host. Devices:
2019-08-02 17:04:46.257070: I tensorflow/compiler/xla/service/service.cc:175]   StreamExecutor device (0): <undefined>, <undefined>
W0802 17:04:46.264243 140438962919232 deprecation_wrapper.py:119] From /srv/home/nkrakauer/anaconda3/envs/deepchem/lib/python3.6/site-packages/deepchem/models/tensorgraph/optimizers.py:76: The name tf.train.AdamOptimizer is deprecated. Please use tf.compat.v1.train.AdamOptimizer instead.

2019-08-02 17:04:47.803331: W tensorflow/compiler/jit/mark_for_compilation_pass.cc:1412] (One-time warning): Not using XLA:CPU for cluster because envvar TF_XLA_FLAGS=--tf_xla_cpu_global_jit was not set.  If you want XLA:CPU, either set that envvar, or use experimental_jit_scope to enable XLA:CPU.  To confirm that XLA is active, pass --vmodule=xla_compilation_cache=1 (as a proper command-line flag, not via TF_XLA_FLAGS) or set the envvar XLA_FLAGS=--xla_hlo_profile.
W0802 17:04:47.822288 140438962919232 deprecation_wrapper.py:119] From /srv/home/nkrakauer/anaconda3/envs/deepchem/lib/python3.6/site-packages/deepchem/models/tensorgraph/tensor_graph.py:749: The name tf.summary.scalar is deprecated. Please use tf.compat.v1.summary.scalar instead.

2019-08-02 17:04:49.839476: E tensorflow/core/grappler/optimizers/dependency_optimizer.cc:697] Iteration = 0, topological sort failed with message: The graph couldn't be sorted in topological order.
2019-08-02 17:04:49.858362: E tensorflow/core/grappler/optimizers/dependency_optimizer.cc:697] Iteration = 1, topological sort failed with message: The graph couldn't be sorted in topological order.
2019-08-02 17:04:49.959024: E tensorflow/core/grappler/optimizers/meta_optimizer.cc:502] remapper failed: Invalid argument: The graph couldn't be sorted in topological order.
2019-08-02 17:04:49.969521: E tensorflow/core/grappler/optimizers/meta_optimizer.cc:502] arithmetic_optimizer failed: Invalid argument: The graph couldn't be sorted in topological order.
2019-08-02 17:04:49.975808: E tensorflow/core/grappler/optimizers/dependency_optimizer.cc:697] Iteration = 0, topological sort failed with message: The graph couldn't be sorted in topological order.
2019-08-02 17:04:49.988419: E tensorflow/core/grappler/optimizers/dependency_optimizer.cc:697] Iteration = 1, topological sort failed with message: The graph couldn't be sorted in topological order.
2019-08-02 17:25:02.510241: E tensorflow/core/grappler/optimizers/dependency_optimizer.cc:697] Iteration = 0, topological sort failed with message: The graph couldn't be sorted in topological order.
2019-08-02 17:25:02.526982: E tensorflow/core/grappler/optimizers/dependency_optimizer.cc:697] Iteration = 1, topological sort failed with message: The graph couldn't be sorted in topological order.
2019-08-02 17:25:02.601059: E tensorflow/core/grappler/optimizers/meta_optimizer.cc:502] remapper failed: Invalid argument: The graph couldn't be sorted in topological order.
2019-08-02 17:25:02.607144: E tensorflow/core/grappler/optimizers/meta_optimizer.cc:502] arithmetic_optimizer failed: Invalid argument: The graph couldn't be sorted in topological order.
2019-08-02 17:25:02.612258: E tensorflow/core/grappler/optimizers/dependency_optimizer.cc:697] Iteration = 0, topological sort failed with message: The graph couldn't be sorted in topological order.
2019-08-02 17:25:02.621806: E tensorflow/core/grappler/optimizers/dependency_optimizer.cc:697] Iteration = 1, topological sort failed with message: The graph couldn't be sorted in topological order.
2019-08-02 17:37:27.322965: E tensorflow/core/grappler/optimizers/dependency_optimizer.cc:697] Iteration = 0, topological sort failed with message: The graph couldn't be sorted in topological order.
2019-08-02 17:37:27.339829: E tensorflow/core/grappler/optimizers/dependency_optimizer.cc:697] Iteration = 1, topological sort failed with message: The graph couldn't be sorted in topological order.
2019-08-02 17:37:27.422325: E tensorflow/core/grappler/optimizers/meta_optimizer.cc:502] remapper failed: Invalid argument: The graph couldn't be sorted in topological order.
2019-08-02 17:37:27.429294: E tensorflow/core/grappler/optimizers/meta_optimizer.cc:502] arithmetic_optimizer failed: Invalid argument: The graph couldn't be sorted in topological order.
2019-08-02 17:37:27.435178: E tensorflow/core/grappler/optimizers/dependency_optimizer.cc:697] Iteration = 0, topological sort failed with message: The graph couldn't be sorted in topological order.
2019-08-02 17:37:27.445424: E tensorflow/core/grappler/optimizers/dependency_optimizer.cc:697] Iteration = 1, topological sort failed with message: The graph couldn't be sorted in topological order.
2019-08-02 17:50:05.993361: E tensorflow/core/grappler/optimizers/dependency_optimizer.cc:697] Iteration = 0, topological sort failed with message: The graph couldn't be sorted in topological order.
2019-08-02 17:50:06.011609: E tensorflow/core/grappler/optimizers/dependency_optimizer.cc:697] Iteration = 1, topological sort failed with message: The graph couldn't be sorted in topological order.
2019-08-02 17:50:06.100318: E tensorflow/core/grappler/optimizers/meta_optimizer.cc:502] remapper failed: Invalid argument: The graph couldn't be sorted in topological order.
2019-08-02 17:50:06.106536: E tensorflow/core/grappler/optimizers/meta_optimizer.cc:502] arithmetic_optimizer failed: Invalid argument: The graph couldn't be sorted in topological order.
2019-08-02 17:50:06.112023: E tensorflow/core/grappler/optimizers/dependency_optimizer.cc:697] Iteration = 0, topological sort failed with message: The graph couldn't be sorted in topological order.
2019-08-02 17:50:06.122477: E tensorflow/core/grappler/optimizers/dependency_optimizer.cc:697] Iteration = 1, topological sort failed with message: The graph couldn't be sorted in topological order.
2019-08-02 18:02:26.851576: E tensorflow/core/grappler/optimizers/dependency_optimizer.cc:697] Iteration = 0, topological sort failed with message: The graph couldn't be sorted in topological order.
2019-08-02 18:02:26.868390: E tensorflow/core/grappler/optimizers/dependency_optimizer.cc:697] Iteration = 1, topological sort failed with message: The graph couldn't be sorted in topological order.
2019-08-02 18:02:26.947819: E tensorflow/core/grappler/optimizers/meta_optimizer.cc:502] remapper failed: Invalid argument: The graph couldn't be sorted in topological order.
2019-08-02 18:02:26.954108: E tensorflow/core/grappler/optimizers/meta_optimizer.cc:502] arithmetic_optimizer failed: Invalid argument: The graph couldn't be sorted in topological order.
2019-08-02 18:02:26.960183: E tensorflow/core/grappler/optimizers/dependency_optimizer.cc:697] Iteration = 0, topological sort failed with message: The graph couldn't be sorted in topological order.
2019-08-02 18:02:26.971138: E tensorflow/core/grappler/optimizers/dependency_optimizer.cc:697] Iteration = 1, topological sort failed with message: The graph couldn't be sorted in topological order.
2019-08-02 18:14:18.554261: E tensorflow/core/grappler/optimizers/dependency_optimizer.cc:697] Iteration = 0, topological sort failed with message: The graph couldn't be sorted in topological order.
2019-08-02 18:14:18.573601: E tensorflow/core/grappler/optimizers/dependency_optimizer.cc:697] Iteration = 1, topological sort failed with message: The graph couldn't be sorted in topological order.
2019-08-02 18:14:18.668367: E tensorflow/core/grappler/optimizers/meta_optimizer.cc:502] remapper failed: Invalid argument: The graph couldn't be sorted in topological order.
2019-08-02 18:14:18.676245: E tensorflow/core/grappler/optimizers/meta_optimizer.cc:502] arithmetic_optimizer failed: Invalid argument: The graph couldn't be sorted in topological order.
2019-08-02 18:14:18.682945: E tensorflow/core/grappler/optimizers/dependency_optimizer.cc:697] Iteration = 0, topological sort failed with message: The graph couldn't be sorted in topological order.
2019-08-02 18:14:18.693726: E tensorflow/core/grappler/optimizers/dependency_optimizer.cc:697] Iteration = 1, topological sort failed with message: The graph couldn't be sorted in topological order.
2019-08-02 18:26:34.155900: E tensorflow/core/grappler/optimizers/dependency_optimizer.cc:697] Iteration = 0, topological sort failed with message: The graph couldn't be sorted in topological order.
2019-08-02 18:26:34.173429: E tensorflow/core/grappler/optimizers/dependency_optimizer.cc:697] Iteration = 1, topological sort failed with message: The graph couldn't be sorted in topological order.
2019-08-02 18:26:34.254247: E tensorflow/core/grappler/optimizers/meta_optimizer.cc:502] remapper failed: Invalid argument: The graph couldn't be sorted in topological order.
2019-08-02 18:26:34.260193: E tensorflow/core/grappler/optimizers/meta_optimizer.cc:502] arithmetic_optimizer failed: Invalid argument: The graph couldn't be sorted in topological order.
2019-08-02 18:26:34.265780: E tensorflow/core/grappler/optimizers/dependency_optimizer.cc:697] Iteration = 0, topological sort failed with message: The graph couldn't be sorted in topological order.
2019-08-02 18:26:34.275271: E tensorflow/core/grappler/optimizers/dependency_optimizer.cc:697] Iteration = 1, topological sort failed with message: The graph couldn't be sorted in topological order.
2019-08-02 18:38:42.684723: E tensorflow/core/grappler/optimizers/dependency_optimizer.cc:697] Iteration = 0, topological sort failed with message: The graph couldn't be sorted in topological order.
2019-08-02 18:38:42.700965: E tensorflow/core/grappler/optimizers/dependency_optimizer.cc:697] Iteration = 1, topological sort failed with message: The graph couldn't be sorted in topological order.
2019-08-02 18:38:42.779761: E tensorflow/core/grappler/optimizers/meta_optimizer.cc:502] remapper failed: Invalid argument: The graph couldn't be sorted in topological order.
2019-08-02 18:38:42.785293: E tensorflow/core/grappler/optimizers/meta_optimizer.cc:502] arithmetic_optimizer failed: Invalid argument: The graph couldn't be sorted in topological order.
2019-08-02 18:38:42.790633: E tensorflow/core/grappler/optimizers/dependency_optimizer.cc:697] Iteration = 0, topological sort failed with message: The graph couldn't be sorted in topological order.
2019-08-02 18:38:42.800962: E tensorflow/core/grappler/optimizers/dependency_optimizer.cc:697] Iteration = 1, topological sort failed with message: The graph couldn't be sorted in topological order.
2019-08-02 18:50:58.414048: E tensorflow/core/grappler/optimizers/dependency_optimizer.cc:697] Iteration = 0, topological sort failed with message: The graph couldn't be sorted in topological order.
2019-08-02 18:50:58.431028: E tensorflow/core/grappler/optimizers/dependency_optimizer.cc:697] Iteration = 1, topological sort failed with message: The graph couldn't be sorted in topological order.
2019-08-02 18:50:58.508919: E tensorflow/core/grappler/optimizers/meta_optimizer.cc:502] remapper failed: Invalid argument: The graph couldn't be sorted in topological order.
2019-08-02 18:50:58.515765: E tensorflow/core/grappler/optimizers/meta_optimizer.cc:502] arithmetic_optimizer failed: Invalid argument: The graph couldn't be sorted in topological order.
2019-08-02 18:50:58.522314: E tensorflow/core/grappler/optimizers/dependency_optimizer.cc:697] Iteration = 0, topological sort failed with message: The graph couldn't be sorted in topological order.
2019-08-02 18:50:58.533313: E tensorflow/core/grappler/optimizers/dependency_optimizer.cc:697] Iteration = 1, topological sort failed with message: The graph couldn't be sorted in topological order.
2019-08-02 19:03:03.604023: E tensorflow/core/grappler/optimizers/dependency_optimizer.cc:697] Iteration = 0, topological sort failed with message: The graph couldn't be sorted in topological order.
2019-08-02 19:03:03.624062: E tensorflow/core/grappler/optimizers/dependency_optimizer.cc:697] Iteration = 1, topological sort failed with message: The graph couldn't be sorted in topological order.
2019-08-02 19:03:03.704928: E tensorflow/core/grappler/optimizers/meta_optimizer.cc:502] remapper failed: Invalid argument: The graph couldn't be sorted in topological order.
2019-08-02 19:03:03.711601: E tensorflow/core/grappler/optimizers/meta_optimizer.cc:502] arithmetic_optimizer failed: Invalid argument: The graph couldn't be sorted in topological order.
2019-08-02 19:03:03.718057: E tensorflow/core/grappler/optimizers/dependency_optimizer.cc:697] Iteration = 0, topological sort failed with message: The graph couldn't be sorted in topological order.
2019-08-02 19:03:03.728690: E tensorflow/core/grappler/optimizers/dependency_optimizer.cc:697] Iteration = 1, topological sort failed with message: The graph couldn't be sorted in topological order.
2019-08-02 19:15:14.145492: E tensorflow/core/grappler/optimizers/dependency_optimizer.cc:697] Iteration = 0, topological sort failed with message: The graph couldn't be sorted in topological order.
2019-08-02 19:15:14.163502: E tensorflow/core/grappler/optimizers/dependency_optimizer.cc:697] Iteration = 1, topological sort failed with message: The graph couldn't be sorted in topological order.
2019-08-02 19:15:14.241199: E tensorflow/core/grappler/optimizers/meta_optimizer.cc:502] remapper failed: Invalid argument: The graph couldn't be sorted in topological order.
2019-08-02 19:15:14.247283: E tensorflow/core/grappler/optimizers/meta_optimizer.cc:502] arithmetic_optimizer failed: Invalid argument: The graph couldn't be sorted in topological order.
2019-08-02 19:15:14.253345: E tensorflow/core/grappler/optimizers/dependency_optimizer.cc:697] Iteration = 0, topological sort failed with message: The graph couldn't be sorted in topological order.
2019-08-02 19:15:14.263893: E tensorflow/core/grappler/optimizers/dependency_optimizer.cc:697] Iteration = 1, topological sort failed with message: The graph couldn't be sorted in topological order.
2019-08-02 19:27:24.233838: E tensorflow/core/grappler/optimizers/dependency_optimizer.cc:697] Iteration = 0, topological sort failed with message: The graph couldn't be sorted in topological order.
2019-08-02 19:27:24.250227: E tensorflow/core/grappler/optimizers/dependency_optimizer.cc:697] Iteration = 1, topological sort failed with message: The graph couldn't be sorted in topological order.
2019-08-02 19:27:24.320397: E tensorflow/core/grappler/optimizers/meta_optimizer.cc:502] remapper failed: Invalid argument: The graph couldn't be sorted in topological order.
2019-08-02 19:27:24.326156: E tensorflow/core/grappler/optimizers/meta_optimizer.cc:502] arithmetic_optimizer failed: Invalid argument: The graph couldn't be sorted in topological order.
2019-08-02 19:27:24.331802: E tensorflow/core/grappler/optimizers/dependency_optimizer.cc:697] Iteration = 0, topological sort failed with message: The graph couldn't be sorted in topological order.
2019-08-02 19:27:24.341761: E tensorflow/core/grappler/optimizers/dependency_optimizer.cc:697] Iteration = 1, topological sort failed with message: The graph couldn't be sorted in topological order.
2019-08-02 19:44:04.180191: E tensorflow/core/grappler/optimizers/dependency_optimizer.cc:697] Iteration = 0, topological sort failed with message: The graph couldn't be sorted in topological order.
2019-08-02 19:44:04.195097: E tensorflow/core/grappler/optimizers/dependency_optimizer.cc:697] Iteration = 1, topological sort failed with message: The graph couldn't be sorted in topological order.
2019-08-02 19:44:04.260413: E tensorflow/core/grappler/optimizers/meta_optimizer.cc:502] remapper failed: Invalid argument: The graph couldn't be sorted in topological order.
2019-08-02 19:44:04.265506: E tensorflow/core/grappler/optimizers/meta_optimizer.cc:502] arithmetic_optimizer failed: Invalid argument: The graph couldn't be sorted in topological order.
2019-08-02 19:44:04.270803: E tensorflow/core/grappler/optimizers/dependency_optimizer.cc:697] Iteration = 0, topological sort failed with message: The graph couldn't be sorted in topological order.
2019-08-02 19:44:04.280323: E tensorflow/core/grappler/optimizers/dependency_optimizer.cc:697] Iteration = 1, topological sort failed with message: The graph couldn't be sorted in topological order.
2019-08-02 20:03:28.873239: E tensorflow/core/grappler/optimizers/dependency_optimizer.cc:697] Iteration = 0, topological sort failed with message: The graph couldn't be sorted in topological order.
2019-08-02 20:03:28.889202: E tensorflow/core/grappler/optimizers/dependency_optimizer.cc:697] Iteration = 1, topological sort failed with message: The graph couldn't be sorted in topological order.
2019-08-02 20:03:28.958421: E tensorflow/core/grappler/optimizers/meta_optimizer.cc:502] remapper failed: Invalid argument: The graph couldn't be sorted in topological order.
2019-08-02 20:03:28.963831: E tensorflow/core/grappler/optimizers/meta_optimizer.cc:502] arithmetic_optimizer failed: Invalid argument: The graph couldn't be sorted in topological order.
2019-08-02 20:03:28.968973: E tensorflow/core/grappler/optimizers/dependency_optimizer.cc:697] Iteration = 0, topological sort failed with message: The graph couldn't be sorted in topological order.
2019-08-02 20:03:28.978430: E tensorflow/core/grappler/optimizers/dependency_optimizer.cc:697] Iteration = 1, topological sort failed with message: The graph couldn't be sorted in topological order.
2019-08-02 20:21:59.490947: E tensorflow/core/grappler/optimizers/dependency_optimizer.cc:697] Iteration = 0, topological sort failed with message: The graph couldn't be sorted in topological order.
2019-08-02 20:21:59.508534: E tensorflow/core/grappler/optimizers/dependency_optimizer.cc:697] Iteration = 1, topological sort failed with message: The graph couldn't be sorted in topological order.
2019-08-02 20:21:59.596289: E tensorflow/core/grappler/optimizers/meta_optimizer.cc:502] remapper failed: Invalid argument: The graph couldn't be sorted in topological order.
2019-08-02 20:21:59.602370: E tensorflow/core/grappler/optimizers/meta_optimizer.cc:502] arithmetic_optimizer failed: Invalid argument: The graph couldn't be sorted in topological order.
2019-08-02 20:21:59.608188: E tensorflow/core/grappler/optimizers/dependency_optimizer.cc:697] Iteration = 0, topological sort failed with message: The graph couldn't be sorted in topological order.
2019-08-02 20:21:59.618891: E tensorflow/core/grappler/optimizers/dependency_optimizer.cc:697] Iteration = 1, topological sort failed with message: The graph couldn't be sorted in topological order.
2019-08-02 20:41:15.401628: E tensorflow/core/grappler/optimizers/dependency_optimizer.cc:697] Iteration = 0, topological sort failed with message: The graph couldn't be sorted in topological order.
2019-08-02 20:41:15.416244: E tensorflow/core/grappler/optimizers/dependency_optimizer.cc:697] Iteration = 1, topological sort failed with message: The graph couldn't be sorted in topological order.
2019-08-02 20:41:15.486340: E tensorflow/core/grappler/optimizers/meta_optimizer.cc:502] remapper failed: Invalid argument: The graph couldn't be sorted in topological order.
2019-08-02 20:41:15.491872: E tensorflow/core/grappler/optimizers/meta_optimizer.cc:502] arithmetic_optimizer failed: Invalid argument: The graph couldn't be sorted in topological order.
2019-08-02 20:41:15.497408: E tensorflow/core/grappler/optimizers/dependency_optimizer.cc:697] Iteration = 0, topological sort failed with message: The graph couldn't be sorted in topological order.
2019-08-02 20:41:15.507531: E tensorflow/core/grappler/optimizers/dependency_optimizer.cc:697] Iteration = 1, topological sort failed with message: The graph couldn't be sorted in topological order.
2019-08-02 21:00:56.817565: E tensorflow/core/grappler/optimizers/dependency_optimizer.cc:697] Iteration = 0, topological sort failed with message: The graph couldn't be sorted in topological order.
2019-08-02 21:00:56.833882: E tensorflow/core/grappler/optimizers/dependency_optimizer.cc:697] Iteration = 1, topological sort failed with message: The graph couldn't be sorted in topological order.
2019-08-02 21:00:56.902864: E tensorflow/core/grappler/optimizers/meta_optimizer.cc:502] remapper failed: Invalid argument: The graph couldn't be sorted in topological order.
2019-08-02 21:00:56.908186: E tensorflow/core/grappler/optimizers/meta_optimizer.cc:502] arithmetic_optimizer failed: Invalid argument: The graph couldn't be sorted in topological order.
2019-08-02 21:00:56.913588: E tensorflow/core/grappler/optimizers/dependency_optimizer.cc:697] Iteration = 0, topological sort failed with message: The graph couldn't be sorted in topological order.
2019-08-02 21:00:56.922920: E tensorflow/core/grappler/optimizers/dependency_optimizer.cc:697] Iteration = 1, topological sort failed with message: The graph couldn't be sorted in topological order.
2019-08-02 21:19:08.811150: E tensorflow/core/grappler/optimizers/dependency_optimizer.cc:697] Iteration = 0, topological sort failed with message: The graph couldn't be sorted in topological order.
2019-08-02 21:19:08.827544: E tensorflow/core/grappler/optimizers/dependency_optimizer.cc:697] Iteration = 1, topological sort failed with message: The graph couldn't be sorted in topological order.
2019-08-02 21:19:08.900150: E tensorflow/core/grappler/optimizers/meta_optimizer.cc:502] remapper failed: Invalid argument: The graph couldn't be sorted in topological order.
2019-08-02 21:19:08.905923: E tensorflow/core/grappler/optimizers/meta_optimizer.cc:502] arithmetic_optimizer failed: Invalid argument: The graph couldn't be sorted in topological order.
2019-08-02 21:19:08.911420: E tensorflow/core/grappler/optimizers/dependency_optimizer.cc:697] Iteration = 0, topological sort failed with message: The graph couldn't be sorted in topological order.
2019-08-02 21:19:08.920937: E tensorflow/core/grappler/optimizers/dependency_optimizer.cc:697] Iteration = 1, topological sort failed with message: The graph couldn't be sorted in topological order.
2019-08-02 21:39:13.506463: E tensorflow/core/grappler/optimizers/dependency_optimizer.cc:697] Iteration = 0, topological sort failed with message: The graph couldn't be sorted in topological order.
2019-08-02 21:39:13.526479: E tensorflow/core/grappler/optimizers/dependency_optimizer.cc:697] Iteration = 1, topological sort failed with message: The graph couldn't be sorted in topological order.
2019-08-02 21:39:13.602092: E tensorflow/core/grappler/optimizers/meta_optimizer.cc:502] remapper failed: Invalid argument: The graph couldn't be sorted in topological order.
2019-08-02 21:39:13.608184: E tensorflow/core/grappler/optimizers/meta_optimizer.cc:502] arithmetic_optimizer failed: Invalid argument: The graph couldn't be sorted in topological order.
2019-08-02 21:39:13.614177: E tensorflow/core/grappler/optimizers/dependency_optimizer.cc:697] Iteration = 0, topological sort failed with message: The graph couldn't be sorted in topological order.
2019-08-02 21:39:13.625098: E tensorflow/core/grappler/optimizers/dependency_optimizer.cc:697] Iteration = 1, topological sort failed with message: The graph couldn't be sorted in topological order.
2019-08-02 21:56:25.172546: E tensorflow/core/grappler/optimizers/dependency_optimizer.cc:697] Iteration = 0, topological sort failed with message: The graph couldn't be sorted in topological order.
2019-08-02 21:56:25.189693: E tensorflow/core/grappler/optimizers/dependency_optimizer.cc:697] Iteration = 1, topological sort failed with message: The graph couldn't be sorted in topological order.
2019-08-02 21:56:25.264840: E tensorflow/core/grappler/optimizers/meta_optimizer.cc:502] remapper failed: Invalid argument: The graph couldn't be sorted in topological order.
2019-08-02 21:56:25.271037: E tensorflow/core/grappler/optimizers/meta_optimizer.cc:502] arithmetic_optimizer failed: Invalid argument: The graph couldn't be sorted in topological order.
2019-08-02 21:56:25.277123: E tensorflow/core/grappler/optimizers/dependency_optimizer.cc:697] Iteration = 0, topological sort failed with message: The graph couldn't be sorted in topological order.
2019-08-02 21:56:25.287906: E tensorflow/core/grappler/optimizers/dependency_optimizer.cc:697] Iteration = 1, topological sort failed with message: The graph couldn't be sorted in topological order.
2019-08-02 22:11:59.814493: E tensorflow/core/grappler/optimizers/dependency_optimizer.cc:697] Iteration = 0, topological sort failed with message: The graph couldn't be sorted in topological order.
2019-08-02 22:11:59.831130: E tensorflow/core/grappler/optimizers/dependency_optimizer.cc:697] Iteration = 1, topological sort failed with message: The graph couldn't be sorted in topological order.
2019-08-02 22:11:59.902574: E tensorflow/core/grappler/optimizers/meta_optimizer.cc:502] remapper failed: Invalid argument: The graph couldn't be sorted in topological order.
2019-08-02 22:11:59.908688: E tensorflow/core/grappler/optimizers/meta_optimizer.cc:502] arithmetic_optimizer failed: Invalid argument: The graph couldn't be sorted in topological order.
2019-08-02 22:11:59.914366: E tensorflow/core/grappler/optimizers/dependency_optimizer.cc:697] Iteration = 0, topological sort failed with message: The graph couldn't be sorted in topological order.
2019-08-02 22:11:59.924127: E tensorflow/core/grappler/optimizers/dependency_optimizer.cc:697] Iteration = 1, topological sort failed with message: The graph couldn't be sorted in topological order.
2019-08-02 22:28:27.793603: E tensorflow/core/grappler/optimizers/dependency_optimizer.cc:697] Iteration = 0, topological sort failed with message: The graph couldn't be sorted in topological order.
2019-08-02 22:28:27.810127: E tensorflow/core/grappler/optimizers/dependency_optimizer.cc:697] Iteration = 1, topological sort failed with message: The graph couldn't be sorted in topological order.
2019-08-02 22:28:27.880327: E tensorflow/core/grappler/optimizers/meta_optimizer.cc:502] remapper failed: Invalid argument: The graph couldn't be sorted in topological order.
2019-08-02 22:28:27.885879: E tensorflow/core/grappler/optimizers/meta_optimizer.cc:502] arithmetic_optimizer failed: Invalid argument: The graph couldn't be sorted in topological order.
2019-08-02 22:28:27.891549: E tensorflow/core/grappler/optimizers/dependency_optimizer.cc:697] Iteration = 0, topological sort failed with message: The graph couldn't be sorted in topological order.
2019-08-02 22:28:27.901020: E tensorflow/core/grappler/optimizers/dependency_optimizer.cc:697] Iteration = 1, topological sort failed with message: The graph couldn't be sorted in topological order.
2019-08-02 22:45:35.972184: E tensorflow/core/grappler/optimizers/dependency_optimizer.cc:697] Iteration = 0, topological sort failed with message: The graph couldn't be sorted in topological order.
2019-08-02 22:45:35.987832: E tensorflow/core/grappler/optimizers/dependency_optimizer.cc:697] Iteration = 1, topological sort failed with message: The graph couldn't be sorted in topological order.
2019-08-02 22:45:36.056172: E tensorflow/core/grappler/optimizers/meta_optimizer.cc:502] remapper failed: Invalid argument: The graph couldn't be sorted in topological order.
2019-08-02 22:45:36.062203: E tensorflow/core/grappler/optimizers/meta_optimizer.cc:502] arithmetic_optimizer failed: Invalid argument: The graph couldn't be sorted in topological order.
2019-08-02 22:45:36.068327: E tensorflow/core/grappler/optimizers/dependency_optimizer.cc:697] Iteration = 0, topological sort failed with message: The graph couldn't be sorted in topological order.
2019-08-02 22:45:36.078404: E tensorflow/core/grappler/optimizers/dependency_optimizer.cc:697] Iteration = 1, topological sort failed with message: The graph couldn't be sorted in topological order.
2019-08-02 22:52:38.813294: W tensorflow/core/framework/op_kernel.cc:1502] OP_REQUIRES failed at batch_matmul_op_impl.h:635 : Resource exhausted: OOM when allocating tensor with shape[5962,100,100] and type float on /job:localhost/replica:0/task:0/device:CPU:0 by allocator cpu
