/srv/home/nkrakauer/anaconda3/envs/deepchem/lib/python3.6/site-packages/sklearn/externals/joblib/__init__.py:15: DeprecationWarning: sklearn.externals.joblib is deprecated in 0.21 and will be removed in 0.23. Please import this functionality directly from joblib, which can be installed with: pip install joblib. If this warning is raised when loading pickled models, you may need to re-serialize those models with scikit-learn 0.21+.
  warnings.warn(msg, category=DeprecationWarning)
WARNING: Logging before flag parsing goes to stderr.
W0712 16:01:46.837105 140572713707328 deprecation_wrapper.py:119] From /srv/home/nkrakauer/anaconda3/envs/deepchem/lib/python3.6/site-packages/deepchem/models/tensorgraph/tensor_graph.py:715: The name tf.placeholder is deprecated. Please use tf.compat.v1.placeholder instead.

W0712 16:01:47.115235 140572713707328 deprecation.py:506] From /srv/home/nkrakauer/anaconda3/envs/deepchem/lib/python3.6/site-packages/deepchem/models/tensorgraph/model_ops.py:261: calling RandomUniform.__init__ (from tensorflow.python.ops.init_ops) with dtype is deprecated and will be removed in a future version.
Instructions for updating:
Call initializer instance with the dtype argument instead of passing it to the constructor
W0712 16:01:47.125679 140572713707328 deprecation.py:506] From /srv/home/nkrakauer/anaconda3/envs/deepchem/lib/python3.6/site-packages/deepchem/models/tensorgraph/model_ops.py:450: calling Constant.__init__ (from tensorflow.python.ops.init_ops) with dtype is deprecated and will be removed in a future version.
Instructions for updating:
Call initializer instance with the dtype argument instead of passing it to the constructor
W0712 16:01:47.161675 140572713707328 deprecation_wrapper.py:119] From /srv/home/nkrakauer/anaconda3/envs/deepchem/lib/python3.6/site-packages/tensorflow/python/autograph/converters/directives.py:117: The name tf.nn.xw_plus_b is deprecated. Please use tf.compat.v1.nn.xw_plus_b instead.

W0712 16:01:47.163450 140572713707328 deprecation_wrapper.py:119] From /srv/home/nkrakauer/anaconda3/envs/deepchem/lib/python3.6/site-packages/tensorflow/python/autograph/converters/directives.py:117: The name tf.segment_sum is deprecated. Please use tf.math.segment_sum instead.

W0712 16:01:48.542989 140572713707328 deprecation_wrapper.py:119] From /srv/home/nkrakauer/anaconda3/envs/deepchem/lib/python3.6/site-packages/deepchem/models/tensorgraph/tensor_graph.py:728: The name tf.Session is deprecated. Please use tf.compat.v1.Session instead.

2019-07-12 16:01:48.544658: I tensorflow/core/platform/cpu_feature_guard.cc:142] Your CPU supports instructions that this TensorFlow binary was not compiled to use: AVX2 FMA
2019-07-12 16:01:48.615738: I tensorflow/core/platform/profile_utils/cpu_utils.cc:94] CPU Frequency: 2299925000 Hz
2019-07-12 16:01:48.616712: I tensorflow/compiler/xla/service/service.cc:168] XLA service 0x562f858e81e0 executing computations on platform Host. Devices:
2019-07-12 16:01:48.617557: I tensorflow/compiler/xla/service/service.cc:175]   StreamExecutor device (0): <undefined>, <undefined>
W0712 16:01:48.623357 140572713707328 deprecation_wrapper.py:119] From /srv/home/nkrakauer/anaconda3/envs/deepchem/lib/python3.6/site-packages/deepchem/models/tensorgraph/optimizers.py:76: The name tf.train.AdamOptimizer is deprecated. Please use tf.compat.v1.train.AdamOptimizer instead.

W0712 16:01:49.671478 140572713707328 deprecation_wrapper.py:119] From /srv/home/nkrakauer/anaconda3/envs/deepchem/lib/python3.6/site-packages/deepchem/models/tensorgraph/tensor_graph.py:1013: The name tf.get_collection is deprecated. Please use tf.compat.v1.get_collection instead.

W0712 16:01:49.672470 140572713707328 deprecation_wrapper.py:119] From /srv/home/nkrakauer/anaconda3/envs/deepchem/lib/python3.6/site-packages/deepchem/models/tensorgraph/tensor_graph.py:1013: The name tf.GraphKeys is deprecated. Please use tf.compat.v1.GraphKeys instead.

2019-07-12 16:01:49.960790: W tensorflow/compiler/jit/mark_for_compilation_pass.cc:1412] (One-time warning): Not using XLA:CPU for cluster because envvar TF_XLA_FLAGS=--tf_xla_cpu_global_jit was not set.  If you want XLA:CPU, either set that envvar, or use experimental_jit_scope to enable XLA:CPU.  To confirm that XLA is active, pass --vmodule=xla_compilation_cache=1 (as a proper command-line flag, not via TF_XLA_FLAGS) or set the envvar XLA_FLAGS=--xla_hlo_profile.
W0712 16:01:50.013487 140572713707328 deprecation_wrapper.py:119] From /srv/home/nkrakauer/anaconda3/envs/deepchem/lib/python3.6/site-packages/deepchem/models/tensorgraph/tensor_graph.py:749: The name tf.summary.scalar is deprecated. Please use tf.compat.v1.summary.scalar instead.

2019-07-12 16:01:51.361736: E tensorflow/core/grappler/optimizers/dependency_optimizer.cc:697] Iteration = 0, topological sort failed with message: The graph couldn't be sorted in topological order.
2019-07-12 16:01:51.375910: E tensorflow/core/grappler/optimizers/dependency_optimizer.cc:697] Iteration = 1, topological sort failed with message: The graph couldn't be sorted in topological order.
2019-07-12 16:01:51.434018: E tensorflow/core/grappler/optimizers/meta_optimizer.cc:502] remapper failed: Invalid argument: The graph couldn't be sorted in topological order.
2019-07-12 16:01:51.438874: E tensorflow/core/grappler/optimizers/meta_optimizer.cc:502] arithmetic_optimizer failed: Invalid argument: The graph couldn't be sorted in topological order.
2019-07-12 16:01:51.443722: E tensorflow/core/grappler/optimizers/dependency_optimizer.cc:697] Iteration = 0, topological sort failed with message: The graph couldn't be sorted in topological order.
2019-07-12 16:01:51.452093: E tensorflow/core/grappler/optimizers/dependency_optimizer.cc:697] Iteration = 1, topological sort failed with message: The graph couldn't be sorted in topological order.
2019-07-12 22:17:21.699673: E tensorflow/core/grappler/optimizers/dependency_optimizer.cc:697] Iteration = 0, topological sort failed with message: The graph couldn't be sorted in topological order.
2019-07-12 22:17:21.715772: E tensorflow/core/grappler/optimizers/dependency_optimizer.cc:697] Iteration = 1, topological sort failed with message: The graph couldn't be sorted in topological order.
2019-07-12 22:17:21.786815: E tensorflow/core/grappler/optimizers/meta_optimizer.cc:502] remapper failed: Invalid argument: The graph couldn't be sorted in topological order.
2019-07-12 22:17:21.794251: E tensorflow/core/grappler/optimizers/meta_optimizer.cc:502] arithmetic_optimizer failed: Invalid argument: The graph couldn't be sorted in topological order.
2019-07-12 22:17:21.801154: E tensorflow/core/grappler/optimizers/dependency_optimizer.cc:697] Iteration = 0, topological sort failed with message: The graph couldn't be sorted in topological order.
2019-07-12 22:17:21.811433: E tensorflow/core/grappler/optimizers/dependency_optimizer.cc:697] Iteration = 1, topological sort failed with message: The graph couldn't be sorted in topological order.
2019-07-13 04:26:51.729685: E tensorflow/core/grappler/optimizers/dependency_optimizer.cc:697] Iteration = 0, topological sort failed with message: The graph couldn't be sorted in topological order.
2019-07-13 04:26:51.742212: E tensorflow/core/grappler/optimizers/dependency_optimizer.cc:697] Iteration = 1, topological sort failed with message: The graph couldn't be sorted in topological order.
2019-07-13 04:26:51.792281: E tensorflow/core/grappler/optimizers/meta_optimizer.cc:502] remapper failed: Invalid argument: The graph couldn't be sorted in topological order.
2019-07-13 04:26:51.796529: E tensorflow/core/grappler/optimizers/meta_optimizer.cc:502] arithmetic_optimizer failed: Invalid argument: The graph couldn't be sorted in topological order.
2019-07-13 04:26:51.800650: E tensorflow/core/grappler/optimizers/dependency_optimizer.cc:697] Iteration = 0, topological sort failed with message: The graph couldn't be sorted in topological order.
2019-07-13 04:26:51.807895: E tensorflow/core/grappler/optimizers/dependency_optimizer.cc:697] Iteration = 1, topological sort failed with message: The graph couldn't be sorted in topological order.
2019-07-13 10:25:09.633260: E tensorflow/core/grappler/optimizers/dependency_optimizer.cc:697] Iteration = 0, topological sort failed with message: The graph couldn't be sorted in topological order.
2019-07-13 10:25:09.646710: E tensorflow/core/grappler/optimizers/dependency_optimizer.cc:697] Iteration = 1, topological sort failed with message: The graph couldn't be sorted in topological order.
2019-07-13 10:25:09.699676: E tensorflow/core/grappler/optimizers/meta_optimizer.cc:502] remapper failed: Invalid argument: The graph couldn't be sorted in topological order.
2019-07-13 10:25:09.704276: E tensorflow/core/grappler/optimizers/meta_optimizer.cc:502] arithmetic_optimizer failed: Invalid argument: The graph couldn't be sorted in topological order.
2019-07-13 10:25:09.708883: E tensorflow/core/grappler/optimizers/dependency_optimizer.cc:697] Iteration = 0, topological sort failed with message: The graph couldn't be sorted in topological order.
2019-07-13 10:25:09.717007: E tensorflow/core/grappler/optimizers/dependency_optimizer.cc:697] Iteration = 1, topological sort failed with message: The graph couldn't be sorted in topological order.
2019-07-13 16:17:58.651152: E tensorflow/core/grappler/optimizers/dependency_optimizer.cc:697] Iteration = 0, topological sort failed with message: The graph couldn't be sorted in topological order.
2019-07-13 16:17:58.664809: E tensorflow/core/grappler/optimizers/dependency_optimizer.cc:697] Iteration = 1, topological sort failed with message: The graph couldn't be sorted in topological order.
2019-07-13 16:17:58.719518: E tensorflow/core/grappler/optimizers/meta_optimizer.cc:502] remapper failed: Invalid argument: The graph couldn't be sorted in topological order.
2019-07-13 16:17:58.724374: E tensorflow/core/grappler/optimizers/meta_optimizer.cc:502] arithmetic_optimizer failed: Invalid argument: The graph couldn't be sorted in topological order.
2019-07-13 16:17:58.728884: E tensorflow/core/grappler/optimizers/dependency_optimizer.cc:697] Iteration = 0, topological sort failed with message: The graph couldn't be sorted in topological order.
2019-07-13 16:17:58.736831: E tensorflow/core/grappler/optimizers/dependency_optimizer.cc:697] Iteration = 1, topological sort failed with message: The graph couldn't be sorted in topological order.
../../util/workflow.py:604: SettingWithCopyWarning: 
A value is trying to be set on a copy of a slice from a DataFrame.
Try using .loc[row_indexer,col_indexer] = value instead

See the caveats in the documentation: http://pandas.pydata.org/pandas-docs/stable/indexing.html#indexing-view-versus-copy
  os.remove("test_set.csv")
../../util/workflow.py:604: SettingWithCopyWarning: 
A value is trying to be set on a copy of a slice from a DataFrame.
Try using .loc[row_indexer,col_indexer] = value instead

See the caveats in the documentation: http://pandas.pydata.org/pandas-docs/stable/indexing.html#indexing-view-versus-copy
  os.remove("test_set.csv")
../../util/workflow.py:604: SettingWithCopyWarning: 
A value is trying to be set on a copy of a slice from a DataFrame.
Try using .loc[row_indexer,col_indexer] = value instead

See the caveats in the documentation: http://pandas.pydata.org/pandas-docs/stable/indexing.html#indexing-view-versus-copy
  os.remove("test_set.csv")
../../util/workflow.py:604: SettingWithCopyWarning: 
A value is trying to be set on a copy of a slice from a DataFrame.
Try using .loc[row_indexer,col_indexer] = value instead

See the caveats in the documentation: http://pandas.pydata.org/pandas-docs/stable/indexing.html#indexing-view-versus-copy
  os.remove("test_set.csv")
../../util/workflow.py:604: SettingWithCopyWarning: 
A value is trying to be set on a copy of a slice from a DataFrame.
Try using .loc[row_indexer,col_indexer] = value instead

See the caveats in the documentation: http://pandas.pydata.org/pandas-docs/stable/indexing.html#indexing-view-versus-copy
  os.remove("test_set.csv")
