|||||||||||||||||||||Loading le15.csv|||||||||||||||||||||||
||||||||||||||||Directory dataset_info Created||||||||||||||||
=====================================================
Original_dataset info:
-----------------------------------------------------
Dataset length is: 8843
-----------------------------------------------------
Dataset sources info: 
  Source name:le15, Number of data: [8843]
-----------------------------------------------------
Mean: 371.39749225376
-----------------------------------------------------
Std: 74.12969546505596
=====================================================

=====================================================
Full_dataset info:
-----------------------------------------------------
Dataset length is: 7495
-----------------------------------------------------
Dataset sources info: 
  Source name:le15, Number of data: [7495]
-----------------------------------------------------
Mean: 381.1924904603069
-----------------------------------------------------
Std: 73.93122933930316
=====================================================

==========Fitting model 1/45========== True
hyperparameters: {'nb_epoch': 70, 'n_tasks': 1, 'batch_size': 32, 'n_atom_feat': 75, 'n_pair_feat': 14, 'T': 1, 'M': 1, 'dropout': 0.0, 'learning_rate': 0.005, 'mode': 'regression'}

----------Conducting CV 0----------
Loading raw samples now.
shard_size: 8192
About to start loading CSV from train_set.csv
Loading shard 1 of size 8192.
Featurizing sample 0
Featurizing sample 1000
Featurizing sample 2000
Featurizing sample 3000
Featurizing sample 4000
TIMING: featurizing shard 0 took 7.582 s
TIMING: dataset construction took 8.677 s
Loading dataset from disk.
Loading raw samples now.
shard_size: 8192
About to start loading CSV from valid_set.csv
Loading shard 1 of size 8192.
Featurizing sample 0
Featurizing sample 1000
TIMING: featurizing shard 0 took 1.873 s
TIMING: dataset construction took 2.116 s
Loading dataset from disk.
TIMING: dataset construction took 1.420 s
Loading dataset from disk.
TIMING: dataset construction took 0.310 s
Loading dataset from disk.
computed_metrics: [28.54626097799897]
train score:
computed_metrics: [27.272346670351123]

----------Conducting CV 1----------
Loading raw samples now.
shard_size: 8192
About to start loading CSV from train_set.csv
Loading shard 1 of size 8192.
Featurizing sample 0
Featurizing sample 1000
Featurizing sample 2000
Featurizing sample 3000
Featurizing sample 4000
TIMING: featurizing shard 0 took 7.479 s
TIMING: dataset construction took 8.540 s
Loading dataset from disk.
Loading raw samples now.
shard_size: 8192
About to start loading CSV from valid_set.csv
Loading shard 1 of size 8192.
Featurizing sample 0
Featurizing sample 1000
TIMING: featurizing shard 0 took 1.862 s
TIMING: dataset construction took 2.086 s
Loading dataset from disk.
TIMING: dataset construction took 1.568 s
Loading dataset from disk.
TIMING: dataset construction took 0.335 s
Loading dataset from disk.
computed_metrics: [30.586536469566028]
train score:
computed_metrics: [26.80821787346001]

----------Conducting CV 2----------
Loading raw samples now.
shard_size: 8192
About to start loading CSV from train_set.csv
Loading shard 1 of size 8192.
Featurizing sample 0
Featurizing sample 1000
Featurizing sample 2000
Featurizing sample 3000
Featurizing sample 4000
TIMING: featurizing shard 0 took 7.388 s
TIMING: dataset construction took 8.384 s
Loading dataset from disk.
Loading raw samples now.
shard_size: 8192
About to start loading CSV from valid_set.csv
Loading shard 1 of size 8192.
Featurizing sample 0
Featurizing sample 1000
TIMING: featurizing shard 0 took 1.817 s
TIMING: dataset construction took 2.022 s
Loading dataset from disk.
TIMING: dataset construction took 1.381 s
Loading dataset from disk.
TIMING: dataset construction took 0.286 s
Loading dataset from disk.
computed_metrics: [30.900471192905854]
train score:
computed_metrics: [28.601557930373506]

----------Conducting CV 3----------
Loading raw samples now.
shard_size: 8192
About to start loading CSV from train_set.csv
Loading shard 1 of size 8192.
Featurizing sample 0
Featurizing sample 1000
Featurizing sample 2000
Featurizing sample 3000
Featurizing sample 4000
TIMING: featurizing shard 0 took 7.313 s
TIMING: dataset construction took 8.290 s
Loading dataset from disk.
Loading raw samples now.
shard_size: 8192
About to start loading CSV from valid_set.csv
Loading shard 1 of size 8192.
Featurizing sample 0
Featurizing sample 1000
TIMING: featurizing shard 0 took 1.820 s
TIMING: dataset construction took 2.038 s
Loading dataset from disk.
TIMING: dataset construction took 1.339 s
Loading dataset from disk.
TIMING: dataset construction took 0.302 s
Loading dataset from disk.
computed_metrics: [31.69498466520073]
train score:
computed_metrics: [31.310461462312656]

----------Conducting CV 4----------
Loading raw samples now.
shard_size: 8192
About to start loading CSV from train_set.csv
Loading shard 1 of size 8192.
Featurizing sample 0
Featurizing sample 1000
Featurizing sample 2000
Featurizing sample 3000
Featurizing sample 4000
TIMING: featurizing shard 0 took 7.331 s
TIMING: dataset construction took 8.347 s
Loading dataset from disk.
Loading raw samples now.
shard_size: 8192
About to start loading CSV from valid_set.csv
Loading shard 1 of size 8192.
Featurizing sample 0
Featurizing sample 1000
TIMING: featurizing shard 0 took 1.817 s
TIMING: dataset construction took 2.012 s
Loading dataset from disk.
TIMING: dataset construction took 1.339 s
Loading dataset from disk.
TIMING: dataset construction took 0.300 s
Loading dataset from disk.
computed_metrics: [29.64634575664653]
train score:
computed_metrics: [26.05036709888424]
Model 1/45, Metric mean-rms_score, Validation set 0: 30.274920, Train set 0: 28.008590
	best_validation_score so far: 30.274920
==========Fitting model 2/45========== True
hyperparameters: {'nb_epoch': 70, 'n_tasks': 1, 'batch_size': 32, 'n_atom_feat': 75, 'n_pair_feat': 14, 'T': 1, 'M': 1, 'dropout': 0.0, 'learning_rate': 0.0005, 'mode': 'regression'}

----------Conducting CV 0----------
Loading raw samples now.
shard_size: 8192
About to start loading CSV from train_set.csv
Loading shard 1 of size 8192.
Featurizing sample 0
Featurizing sample 1000
Featurizing sample 2000
Featurizing sample 3000
Featurizing sample 4000
TIMING: featurizing shard 0 took 7.332 s
TIMING: dataset construction took 8.324 s
Loading dataset from disk.
Loading raw samples now.
shard_size: 8192
About to start loading CSV from valid_set.csv
Loading shard 1 of size 8192.
Featurizing sample 0
Featurizing sample 1000
TIMING: featurizing shard 0 took 1.858 s
TIMING: dataset construction took 2.072 s
Loading dataset from disk.
TIMING: dataset construction took 1.356 s
Loading dataset from disk.
TIMING: dataset construction took 0.284 s
Loading dataset from disk.
computed_metrics: [26.882916042340312]
train score:
computed_metrics: [25.337051859987348]

----------Conducting CV 1----------
Loading raw samples now.
shard_size: 8192
About to start loading CSV from train_set.csv
Loading shard 1 of size 8192.
Featurizing sample 0
Featurizing sample 1000
Featurizing sample 2000
Featurizing sample 3000
Featurizing sample 4000
TIMING: featurizing shard 0 took 7.319 s
TIMING: dataset construction took 8.313 s
Loading dataset from disk.
Loading raw samples now.
shard_size: 8192
About to start loading CSV from valid_set.csv
Loading shard 1 of size 8192.
Featurizing sample 0
Featurizing sample 1000
TIMING: featurizing shard 0 took 1.830 s
TIMING: dataset construction took 2.036 s
Loading dataset from disk.
TIMING: dataset construction took 1.374 s
Loading dataset from disk.
TIMING: dataset construction took 0.317 s
Loading dataset from disk.
computed_metrics: [30.409307597833603]
train score:
computed_metrics: [26.332971365218768]

----------Conducting CV 2----------
Loading raw samples now.
shard_size: 8192
About to start loading CSV from train_set.csv
Loading shard 1 of size 8192.
Featurizing sample 0
Featurizing sample 1000
Featurizing sample 2000
Featurizing sample 3000
Featurizing sample 4000
TIMING: featurizing shard 0 took 7.389 s
TIMING: dataset construction took 8.403 s
Loading dataset from disk.
Loading raw samples now.
shard_size: 8192
About to start loading CSV from valid_set.csv
Loading shard 1 of size 8192.
Featurizing sample 0
Featurizing sample 1000
TIMING: featurizing shard 0 took 1.806 s
TIMING: dataset construction took 2.014 s
Loading dataset from disk.
TIMING: dataset construction took 1.385 s
Loading dataset from disk.
TIMING: dataset construction took 0.293 s
Loading dataset from disk.
computed_metrics: [30.95755724984178]
train score:
computed_metrics: [28.55764676412525]

----------Conducting CV 3----------
Loading raw samples now.
shard_size: 8192
About to start loading CSV from train_set.csv
Loading shard 1 of size 8192.
Featurizing sample 0
Featurizing sample 1000
Featurizing sample 2000
Featurizing sample 3000
Featurizing sample 4000
TIMING: featurizing shard 0 took 7.502 s
TIMING: dataset construction took 8.540 s
Loading dataset from disk.
Loading raw samples now.
shard_size: 8192
About to start loading CSV from valid_set.csv
Loading shard 1 of size 8192.
Featurizing sample 0
Featurizing sample 1000
TIMING: featurizing shard 0 took 1.886 s
TIMING: dataset construction took 2.097 s
Loading dataset from disk.
TIMING: dataset construction took 1.386 s
Loading dataset from disk.
TIMING: dataset construction took 0.305 s
Loading dataset from disk.
computed_metrics: [25.917201177843076]
train score:
computed_metrics: [25.719357235907957]

----------Conducting CV 4----------
Loading raw samples now.
shard_size: 8192
About to start loading CSV from train_set.csv
Loading shard 1 of size 8192.
Featurizing sample 0
Featurizing sample 1000
Featurizing sample 2000
Featurizing sample 3000
Featurizing sample 4000
TIMING: featurizing shard 0 took 7.628 s
TIMING: dataset construction took 8.667 s
Loading dataset from disk.
Loading raw samples now.
shard_size: 8192
About to start loading CSV from valid_set.csv
Loading shard 1 of size 8192.
Featurizing sample 0
Featurizing sample 1000
TIMING: featurizing shard 0 took 1.907 s
TIMING: dataset construction took 2.145 s
Loading dataset from disk.
TIMING: dataset construction took 1.349 s
Loading dataset from disk.
TIMING: dataset construction took 0.297 s
Loading dataset from disk.
computed_metrics: [28.72148177866576]
train score:
computed_metrics: [26.596373265872305]
Model 2/45, Metric mean-rms_score, Validation set 1: 28.577693, Train set 1: 26.508680
	best_validation_score so far: 28.577693
==========Fitting model 3/45========== True
hyperparameters: {'nb_epoch': 70, 'n_tasks': 1, 'batch_size': 32, 'n_atom_feat': 75, 'n_pair_feat': 14, 'T': 1, 'M': 1, 'dropout': 0.0, 'learning_rate': 0.001, 'mode': 'regression'}

----------Conducting CV 0----------
Loading raw samples now.
shard_size: 8192
About to start loading CSV from train_set.csv
Loading shard 1 of size 8192.
Featurizing sample 0
Featurizing sample 1000
Featurizing sample 2000
Featurizing sample 3000
Featurizing sample 4000
TIMING: featurizing shard 0 took 7.651 s
TIMING: dataset construction took 8.680 s
Loading dataset from disk.
Loading raw samples now.
shard_size: 8192
About to start loading CSV from valid_set.csv
Loading shard 1 of size 8192.
Featurizing sample 0
Featurizing sample 1000
TIMING: featurizing shard 0 took 1.886 s
TIMING: dataset construction took 2.103 s
Loading dataset from disk.
TIMING: dataset construction took 1.394 s
Loading dataset from disk.
TIMING: dataset construction took 0.322 s
Loading dataset from disk.
computed_metrics: [26.492895035564537]
train score:
computed_metrics: [24.39541089741069]

----------Conducting CV 1----------
Loading raw samples now.
shard_size: 8192
About to start loading CSV from train_set.csv
Loading shard 1 of size 8192.
Featurizing sample 0
Featurizing sample 1000
Featurizing sample 2000
Featurizing sample 3000
Featurizing sample 4000
TIMING: featurizing shard 0 took 7.539 s
TIMING: dataset construction took 8.559 s
Loading dataset from disk.
Loading raw samples now.
shard_size: 8192
About to start loading CSV from valid_set.csv
Loading shard 1 of size 8192.
Featurizing sample 0
Featurizing sample 1000
TIMING: featurizing shard 0 took 1.888 s
TIMING: dataset construction took 2.110 s
Loading dataset from disk.
TIMING: dataset construction took 1.387 s
Loading dataset from disk.
TIMING: dataset construction took 0.306 s
Loading dataset from disk.
computed_metrics: [28.43120086421427]
train score:
computed_metrics: [24.44938755580133]

----------Conducting CV 2----------
Loading raw samples now.
shard_size: 8192
About to start loading CSV from train_set.csv
Loading shard 1 of size 8192.
Featurizing sample 0
Featurizing sample 1000
Featurizing sample 2000
Featurizing sample 3000
Featurizing sample 4000
TIMING: featurizing shard 0 took 7.509 s
TIMING: dataset construction took 8.566 s
Loading dataset from disk.
Loading raw samples now.
shard_size: 8192
About to start loading CSV from valid_set.csv
Loading shard 1 of size 8192.
Featurizing sample 0
Featurizing sample 1000
TIMING: featurizing shard 0 took 1.862 s
TIMING: dataset construction took 2.089 s
Loading dataset from disk.
TIMING: dataset construction took 1.446 s
Loading dataset from disk.
TIMING: dataset construction took 0.302 s
Loading dataset from disk.
computed_metrics: [27.269872565911967]
train score:
computed_metrics: [24.65378714534304]

----------Conducting CV 3----------
Loading raw samples now.
shard_size: 8192
About to start loading CSV from train_set.csv
Loading shard 1 of size 8192.
Featurizing sample 0
Featurizing sample 1000
Featurizing sample 2000
Featurizing sample 3000
Featurizing sample 4000
TIMING: featurizing shard 0 took 7.533 s
TIMING: dataset construction took 8.590 s
Loading dataset from disk.
Loading raw samples now.
shard_size: 8192
About to start loading CSV from valid_set.csv
Loading shard 1 of size 8192.
Featurizing sample 0
Featurizing sample 1000
TIMING: featurizing shard 0 took 1.889 s
TIMING: dataset construction took 2.091 s
Loading dataset from disk.
TIMING: dataset construction took 1.434 s
Loading dataset from disk.
TIMING: dataset construction took 0.318 s
Loading dataset from disk.
computed_metrics: [27.705437461597473]
train score:
computed_metrics: [25.37370932046565]

----------Conducting CV 4----------
Loading raw samples now.
shard_size: 8192
About to start loading CSV from train_set.csv
Loading shard 1 of size 8192.
Featurizing sample 0
Featurizing sample 1000
Featurizing sample 2000
Featurizing sample 3000
Featurizing sample 4000
TIMING: featurizing shard 0 took 7.465 s
TIMING: dataset construction took 8.533 s
Loading dataset from disk.
Loading raw samples now.
shard_size: 8192
About to start loading CSV from valid_set.csv
Loading shard 1 of size 8192.
Featurizing sample 0
Featurizing sample 1000
TIMING: featurizing shard 0 took 1.870 s
TIMING: dataset construction took 2.087 s
Loading dataset from disk.
TIMING: dataset construction took 1.414 s
Loading dataset from disk.
TIMING: dataset construction took 0.308 s
Loading dataset from disk.
computed_metrics: [27.94852178787249]
train score:
computed_metrics: [24.51303829338301]
Model 3/45, Metric mean-rms_score, Validation set 2: 27.569586, Train set 2: 24.677067
	best_validation_score so far: 27.569586
==========Fitting model 4/45========== True
hyperparameters: {'nb_epoch': 70, 'n_tasks': 1, 'batch_size': 32, 'n_atom_feat': 75, 'n_pair_feat': 14, 'T': 1, 'M': 1, 'dropout': 0.2, 'learning_rate': 0.005, 'mode': 'regression'}

----------Conducting CV 0----------
Loading raw samples now.
shard_size: 8192
About to start loading CSV from train_set.csv
Loading shard 1 of size 8192.
Featurizing sample 0
Featurizing sample 1000
Featurizing sample 2000
Featurizing sample 3000
Featurizing sample 4000
TIMING: featurizing shard 0 took 7.654 s
TIMING: dataset construction took 8.733 s
Loading dataset from disk.
Loading raw samples now.
shard_size: 8192
About to start loading CSV from valid_set.csv
Loading shard 1 of size 8192.
Featurizing sample 0
Featurizing sample 1000
TIMING: featurizing shard 0 took 1.927 s
TIMING: dataset construction took 2.146 s
Loading dataset from disk.
TIMING: dataset construction took 1.414 s
Loading dataset from disk.
TIMING: dataset construction took 0.317 s
Loading dataset from disk.
computed_metrics: [27.677209728770293]
train score:
computed_metrics: [26.829252687910056]

----------Conducting CV 1----------
Loading raw samples now.
shard_size: 8192
About to start loading CSV from train_set.csv
Loading shard 1 of size 8192.
Featurizing sample 0
Featurizing sample 1000
Featurizing sample 2000
Featurizing sample 3000
Featurizing sample 4000
TIMING: featurizing shard 0 took 7.715 s
TIMING: dataset construction took 8.805 s
Loading dataset from disk.
Loading raw samples now.
shard_size: 8192
About to start loading CSV from valid_set.csv
Loading shard 1 of size 8192.
Featurizing sample 0
Featurizing sample 1000
TIMING: featurizing shard 0 took 1.921 s
TIMING: dataset construction took 2.152 s
Loading dataset from disk.
TIMING: dataset construction took 1.454 s
Loading dataset from disk.
TIMING: dataset construction took 0.303 s
Loading dataset from disk.
computed_metrics: [33.08109386351138]
train score:
computed_metrics: [29.67170089896005]

----------Conducting CV 2----------
Loading raw samples now.
shard_size: 8192
About to start loading CSV from train_set.csv
Loading shard 1 of size 8192.
Featurizing sample 0
Featurizing sample 1000
Featurizing sample 2000
Featurizing sample 3000
Featurizing sample 4000
TIMING: featurizing shard 0 took 7.584 s
TIMING: dataset construction took 8.680 s
Loading dataset from disk.
Loading raw samples now.
shard_size: 8192
About to start loading CSV from valid_set.csv
Loading shard 1 of size 8192.
Featurizing sample 0
Featurizing sample 1000
TIMING: featurizing shard 0 took 1.891 s
TIMING: dataset construction took 2.117 s
Loading dataset from disk.
TIMING: dataset construction took 1.469 s
Loading dataset from disk.
TIMING: dataset construction took 0.306 s
Loading dataset from disk.
computed_metrics: [33.7075833853682]
train score:
computed_metrics: [30.889896784233073]

----------Conducting CV 3----------
Loading raw samples now.
shard_size: 8192
About to start loading CSV from train_set.csv
Loading shard 1 of size 8192.
Featurizing sample 0
Featurizing sample 1000
Featurizing sample 2000
Featurizing sample 3000
Featurizing sample 4000
TIMING: featurizing shard 0 took 7.537 s
TIMING: dataset construction took 8.602 s
Loading dataset from disk.
Loading raw samples now.
shard_size: 8192
About to start loading CSV from valid_set.csv
Loading shard 1 of size 8192.
Featurizing sample 0
Featurizing sample 1000
TIMING: featurizing shard 0 took 1.908 s
TIMING: dataset construction took 2.154 s
Loading dataset from disk.
TIMING: dataset construction took 1.457 s
Loading dataset from disk.
TIMING: dataset construction took 0.342 s
Loading dataset from disk.
computed_metrics: [28.402618043365962]
train score:
computed_metrics: [27.478372077889375]

----------Conducting CV 4----------
Loading raw samples now.
shard_size: 8192
About to start loading CSV from train_set.csv
Loading shard 1 of size 8192.
Featurizing sample 0
Featurizing sample 1000
Featurizing sample 2000
Featurizing sample 3000
Featurizing sample 4000
TIMING: featurizing shard 0 took 7.490 s
TIMING: dataset construction took 8.533 s
Loading dataset from disk.
Loading raw samples now.
shard_size: 8192
About to start loading CSV from valid_set.csv
Loading shard 1 of size 8192.
Featurizing sample 0
Featurizing sample 1000
TIMING: featurizing shard 0 took 1.891 s
TIMING: dataset construction took 2.131 s
Loading dataset from disk.
TIMING: dataset construction took 1.403 s
Loading dataset from disk.
TIMING: dataset construction took 0.532 s
Loading dataset from disk.
computed_metrics: [31.430393892120826]
train score:
computed_metrics: [28.12843582368409]
Model 4/45, Metric mean-rms_score, Validation set 3: 30.859780, Train set 3: 28.599532
	best_validation_score so far: 27.569586
==========Fitting model 5/45========== True
hyperparameters: {'nb_epoch': 70, 'n_tasks': 1, 'batch_size': 32, 'n_atom_feat': 75, 'n_pair_feat': 14, 'T': 1, 'M': 1, 'dropout': 0.2, 'learning_rate': 0.0005, 'mode': 'regression'}

----------Conducting CV 0----------
Loading raw samples now.
shard_size: 8192
About to start loading CSV from train_set.csv
Loading shard 1 of size 8192.
Featurizing sample 0
Featurizing sample 1000
Featurizing sample 2000
Featurizing sample 3000
Featurizing sample 4000
TIMING: featurizing shard 0 took 7.593 s
TIMING: dataset construction took 8.641 s
Loading dataset from disk.
Loading raw samples now.
shard_size: 8192
About to start loading CSV from valid_set.csv
Loading shard 1 of size 8192.
Featurizing sample 0
Featurizing sample 1000
TIMING: featurizing shard 0 took 1.874 s
TIMING: dataset construction took 2.094 s
Loading dataset from disk.
TIMING: dataset construction took 1.674 s
Loading dataset from disk.
TIMING: dataset construction took 0.304 s
Loading dataset from disk.
computed_metrics: [28.699575077246838]
train score:
computed_metrics: [27.35070155471222]

----------Conducting CV 1----------
Loading raw samples now.
shard_size: 8192
About to start loading CSV from train_set.csv
Loading shard 1 of size 8192.
Featurizing sample 0
Featurizing sample 1000
Featurizing sample 2000
Featurizing sample 3000
Featurizing sample 4000
TIMING: featurizing shard 0 took 7.578 s
TIMING: dataset construction took 8.616 s
Loading dataset from disk.
Loading raw samples now.
shard_size: 8192
About to start loading CSV from valid_set.csv
Loading shard 1 of size 8192.
Featurizing sample 0
Featurizing sample 1000
TIMING: featurizing shard 0 took 1.905 s
TIMING: dataset construction took 2.112 s
Loading dataset from disk.
TIMING: dataset construction took 1.439 s
Loading dataset from disk.
TIMING: dataset construction took 0.326 s
Loading dataset from disk.
computed_metrics: [28.486277162553566]
train score:
computed_metrics: [25.328131223927603]

----------Conducting CV 2----------
Loading raw samples now.
shard_size: 8192
About to start loading CSV from train_set.csv
Loading shard 1 of size 8192.
Featurizing sample 0
Featurizing sample 1000
Featurizing sample 2000
Featurizing sample 3000
Featurizing sample 4000
TIMING: featurizing shard 0 took 7.715 s
TIMING: dataset construction took 8.748 s
Loading dataset from disk.
Loading raw samples now.
shard_size: 8192
About to start loading CSV from valid_set.csv
Loading shard 1 of size 8192.
Featurizing sample 0
Featurizing sample 1000
TIMING: featurizing shard 0 took 1.881 s
TIMING: dataset construction took 2.108 s
Loading dataset from disk.
TIMING: dataset construction took 1.403 s
Loading dataset from disk.
TIMING: dataset construction took 0.286 s
Loading dataset from disk.
computed_metrics: [27.952797118226155]
train score:
computed_metrics: [25.975700201896554]

----------Conducting CV 3----------
Loading raw samples now.
shard_size: 8192
About to start loading CSV from train_set.csv
Loading shard 1 of size 8192.
Featurizing sample 0
Featurizing sample 1000
Featurizing sample 2000
Featurizing sample 3000
Featurizing sample 4000
TIMING: featurizing shard 0 took 7.487 s
TIMING: dataset construction took 8.526 s
Loading dataset from disk.
Loading raw samples now.
shard_size: 8192
About to start loading CSV from valid_set.csv
Loading shard 1 of size 8192.
Featurizing sample 0
Featurizing sample 1000
TIMING: featurizing shard 0 took 1.906 s
TIMING: dataset construction took 2.155 s
Loading dataset from disk.
TIMING: dataset construction took 1.405 s
Loading dataset from disk.
TIMING: dataset construction took 0.291 s
Loading dataset from disk.
computed_metrics: [27.472136630634495]
train score:
computed_metrics: [25.87471785700078]

----------Conducting CV 4----------
Loading raw samples now.
shard_size: 8192
About to start loading CSV from train_set.csv
Loading shard 1 of size 8192.
Featurizing sample 0
Featurizing sample 1000
Featurizing sample 2000
Featurizing sample 3000
Featurizing sample 4000
TIMING: featurizing shard 0 took 7.578 s
TIMING: dataset construction took 8.640 s
Loading dataset from disk.
Loading raw samples now.
shard_size: 8192
About to start loading CSV from valid_set.csv
Loading shard 1 of size 8192.
Featurizing sample 0
Featurizing sample 1000
TIMING: featurizing shard 0 took 1.895 s
TIMING: dataset construction took 2.149 s
Loading dataset from disk.
TIMING: dataset construction took 1.452 s
Loading dataset from disk.
TIMING: dataset construction took 0.303 s
Loading dataset from disk.
computed_metrics: [29.589692415923437]
train score:
computed_metrics: [27.055472028087173]
Model 5/45, Metric mean-rms_score, Validation set 4: 28.440096, Train set 4: 26.316945
	best_validation_score so far: 27.569586
==========Fitting model 6/45========== True
hyperparameters: {'nb_epoch': 70, 'n_tasks': 1, 'batch_size': 32, 'n_atom_feat': 75, 'n_pair_feat': 14, 'T': 1, 'M': 1, 'dropout': 0.2, 'learning_rate': 0.001, 'mode': 'regression'}

----------Conducting CV 0----------
Loading raw samples now.
shard_size: 8192
About to start loading CSV from train_set.csv
Loading shard 1 of size 8192.
Featurizing sample 0
Featurizing sample 1000
Featurizing sample 2000
Featurizing sample 3000
Featurizing sample 4000
TIMING: featurizing shard 0 took 7.563 s
TIMING: dataset construction took 8.621 s
Loading dataset from disk.
Loading raw samples now.
shard_size: 8192
About to start loading CSV from valid_set.csv
Loading shard 1 of size 8192.
Featurizing sample 0
Featurizing sample 1000
TIMING: featurizing shard 0 took 1.935 s
TIMING: dataset construction took 2.140 s
Loading dataset from disk.
TIMING: dataset construction took 1.430 s
Loading dataset from disk.
TIMING: dataset construction took 0.298 s
Loading dataset from disk.
computed_metrics: [28.853098953813237]
train score:
computed_metrics: [27.592083385025376]

----------Conducting CV 1----------
Loading raw samples now.
shard_size: 8192
About to start loading CSV from train_set.csv
Loading shard 1 of size 8192.
Featurizing sample 0
Featurizing sample 1000
Featurizing sample 2000
Featurizing sample 3000
Featurizing sample 4000
TIMING: featurizing shard 0 took 7.657 s
TIMING: dataset construction took 8.737 s
Loading dataset from disk.
Loading raw samples now.
shard_size: 8192
About to start loading CSV from valid_set.csv
Loading shard 1 of size 8192.
Featurizing sample 0
Featurizing sample 1000
TIMING: featurizing shard 0 took 1.906 s
TIMING: dataset construction took 2.140 s
Loading dataset from disk.
TIMING: dataset construction took 1.442 s
Loading dataset from disk.
TIMING: dataset construction took 0.305 s
Loading dataset from disk.
computed_metrics: [28.777279264332016]
train score:
computed_metrics: [24.21687549608055]

----------Conducting CV 2----------
Loading raw samples now.
shard_size: 8192
About to start loading CSV from train_set.csv
Loading shard 1 of size 8192.
Featurizing sample 0
Featurizing sample 1000
Featurizing sample 2000
Featurizing sample 3000
Featurizing sample 4000
TIMING: featurizing shard 0 took 6.900 s
TIMING: dataset construction took 7.855 s
Loading dataset from disk.
Loading raw samples now.
shard_size: 8192
About to start loading CSV from valid_set.csv
Loading shard 1 of size 8192.
Featurizing sample 0
Featurizing sample 1000
TIMING: featurizing shard 0 took 1.652 s
TIMING: dataset construction took 1.846 s
Loading dataset from disk.
TIMING: dataset construction took 1.296 s
Loading dataset from disk.
TIMING: dataset construction took 0.272 s
Loading dataset from disk.
computed_metrics: [28.368999786558323]
train score:
computed_metrics: [26.39530388265863]

----------Conducting CV 3----------
Loading raw samples now.
shard_size: 8192
About to start loading CSV from train_set.csv
Loading shard 1 of size 8192.
Featurizing sample 0
Featurizing sample 1000
Featurizing sample 2000
Featurizing sample 3000
Featurizing sample 4000
TIMING: featurizing shard 0 took 6.784 s
TIMING: dataset construction took 7.748 s
Loading dataset from disk.
Loading raw samples now.
shard_size: 8192
About to start loading CSV from valid_set.csv
Loading shard 1 of size 8192.
Featurizing sample 0
Featurizing sample 1000
TIMING: featurizing shard 0 took 1.678 s
TIMING: dataset construction took 1.862 s
Loading dataset from disk.
TIMING: dataset construction took 1.291 s
Loading dataset from disk.
TIMING: dataset construction took 0.279 s
Loading dataset from disk.
computed_metrics: [26.398064426355997]
train score:
computed_metrics: [24.77286381352366]

----------Conducting CV 4----------
Loading raw samples now.
shard_size: 8192
About to start loading CSV from train_set.csv
Loading shard 1 of size 8192.
Featurizing sample 0
Featurizing sample 1000
Featurizing sample 2000
Featurizing sample 3000
Featurizing sample 4000
TIMING: featurizing shard 0 took 6.943 s
TIMING: dataset construction took 7.943 s
Loading dataset from disk.
Loading raw samples now.
shard_size: 8192
About to start loading CSV from valid_set.csv
Loading shard 1 of size 8192.
Featurizing sample 0
Featurizing sample 1000
TIMING: featurizing shard 0 took 1.719 s
TIMING: dataset construction took 1.896 s
Loading dataset from disk.
TIMING: dataset construction took 1.311 s
Loading dataset from disk.
TIMING: dataset construction took 0.294 s
Loading dataset from disk.
computed_metrics: [31.18637393191181]
train score:
computed_metrics: [28.463816002018806]
Model 6/45, Metric mean-rms_score, Validation set 5: 28.716763, Train set 5: 26.288189
	best_validation_score so far: 27.569586
==========Fitting model 7/45========== True
hyperparameters: {'nb_epoch': 70, 'n_tasks': 1, 'batch_size': 32, 'n_atom_feat': 75, 'n_pair_feat': 14, 'T': 1, 'M': 1, 'dropout': 0.4, 'learning_rate': 0.005, 'mode': 'regression'}

----------Conducting CV 0----------
Loading raw samples now.
shard_size: 8192
About to start loading CSV from train_set.csv
Loading shard 1 of size 8192.
Featurizing sample 0
Featurizing sample 1000
Featurizing sample 2000
Featurizing sample 3000
Featurizing sample 4000
TIMING: featurizing shard 0 took 6.712 s
TIMING: dataset construction took 7.688 s
Loading dataset from disk.
Loading raw samples now.
shard_size: 8192
About to start loading CSV from valid_set.csv
Loading shard 1 of size 8192.
Featurizing sample 0
Featurizing sample 1000
TIMING: featurizing shard 0 took 1.676 s
TIMING: dataset construction took 1.865 s
Loading dataset from disk.
TIMING: dataset construction took 1.301 s
Loading dataset from disk.
TIMING: dataset construction took 0.276 s
Loading dataset from disk.
computed_metrics: [28.699675721740018]
train score:
computed_metrics: [26.996694929856027]

----------Conducting CV 1----------
Loading raw samples now.
shard_size: 8192
About to start loading CSV from train_set.csv
Loading shard 1 of size 8192.
Featurizing sample 0
Featurizing sample 1000
Featurizing sample 2000
Featurizing sample 3000
Featurizing sample 4000
TIMING: featurizing shard 0 took 7.001 s
TIMING: dataset construction took 8.015 s
Loading dataset from disk.
Loading raw samples now.
shard_size: 8192
About to start loading CSV from valid_set.csv
Loading shard 1 of size 8192.
Featurizing sample 0
Featurizing sample 1000
TIMING: featurizing shard 0 took 1.589 s
TIMING: dataset construction took 1.789 s
Loading dataset from disk.
TIMING: dataset construction took 1.338 s
Loading dataset from disk.
TIMING: dataset construction took 0.301 s
Loading dataset from disk.
computed_metrics: [32.219458873762996]
train score:
computed_metrics: [29.43882903071783]

----------Conducting CV 2----------
Loading raw samples now.
shard_size: 8192
About to start loading CSV from train_set.csv
Loading shard 1 of size 8192.
Featurizing sample 0
Featurizing sample 1000
Featurizing sample 2000
Featurizing sample 3000
Featurizing sample 4000
TIMING: featurizing shard 0 took 6.933 s
TIMING: dataset construction took 7.928 s
Loading dataset from disk.
Loading raw samples now.
shard_size: 8192
About to start loading CSV from valid_set.csv
Loading shard 1 of size 8192.
Featurizing sample 0
Featurizing sample 1000
TIMING: featurizing shard 0 took 1.774 s
TIMING: dataset construction took 1.967 s
Loading dataset from disk.
TIMING: dataset construction took 1.293 s
Loading dataset from disk.
TIMING: dataset construction took 0.271 s
Loading dataset from disk.
computed_metrics: [29.14752809379516]
train score:
computed_metrics: [27.02730554958238]

----------Conducting CV 3----------
Loading raw samples now.
shard_size: 8192
About to start loading CSV from train_set.csv
Loading shard 1 of size 8192.
Featurizing sample 0
Featurizing sample 1000
Featurizing sample 2000
Featurizing sample 3000
Featurizing sample 4000
TIMING: featurizing shard 0 took 6.850 s
TIMING: dataset construction took 7.786 s
Loading dataset from disk.
Loading raw samples now.
shard_size: 8192
About to start loading CSV from valid_set.csv
Loading shard 1 of size 8192.
Featurizing sample 0
Featurizing sample 1000
TIMING: featurizing shard 0 took 1.768 s
TIMING: dataset construction took 1.979 s
Loading dataset from disk.
TIMING: dataset construction took 1.272 s
Loading dataset from disk.
TIMING: dataset construction took 0.281 s
Loading dataset from disk.
computed_metrics: [31.248174091470066]
train score:
computed_metrics: [31.083104823532757]

----------Conducting CV 4----------
Loading raw samples now.
shard_size: 8192
About to start loading CSV from train_set.csv
Loading shard 1 of size 8192.
Featurizing sample 0
Featurizing sample 1000
Featurizing sample 2000
Featurizing sample 3000
Featurizing sample 4000
TIMING: featurizing shard 0 took 6.800 s
TIMING: dataset construction took 7.735 s
Loading dataset from disk.
Loading raw samples now.
shard_size: 8192
About to start loading CSV from valid_set.csv
Loading shard 1 of size 8192.
Featurizing sample 0
Featurizing sample 1000
TIMING: featurizing shard 0 took 1.700 s
TIMING: dataset construction took 1.893 s
Loading dataset from disk.
TIMING: dataset construction took 1.296 s
Loading dataset from disk.
TIMING: dataset construction took 0.275 s
Loading dataset from disk.
computed_metrics: [31.780349102877576]
train score:
computed_metrics: [28.391991325903174]
Model 7/45, Metric mean-rms_score, Validation set 6: 30.619037, Train set 6: 28.587585
	best_validation_score so far: 27.569586
==========Fitting model 8/45========== True
hyperparameters: {'nb_epoch': 70, 'n_tasks': 1, 'batch_size': 32, 'n_atom_feat': 75, 'n_pair_feat': 14, 'T': 1, 'M': 1, 'dropout': 0.4, 'learning_rate': 0.0005, 'mode': 'regression'}

----------Conducting CV 0----------
Loading raw samples now.
shard_size: 8192
About to start loading CSV from train_set.csv
Loading shard 1 of size 8192.
Featurizing sample 0
Featurizing sample 1000
Featurizing sample 2000
Featurizing sample 3000
Featurizing sample 4000
TIMING: featurizing shard 0 took 6.732 s
TIMING: dataset construction took 7.661 s
Loading dataset from disk.
Loading raw samples now.
shard_size: 8192
About to start loading CSV from valid_set.csv
Loading shard 1 of size 8192.
Featurizing sample 0
Featurizing sample 1000
TIMING: featurizing shard 0 took 1.746 s
TIMING: dataset construction took 1.948 s
Loading dataset from disk.
TIMING: dataset construction took 1.254 s
Loading dataset from disk.
TIMING: dataset construction took 0.263 s
Loading dataset from disk.
