|||||||||||||||||||||Loading le15.csv|||||||||||||||||||||||
||||||||||||||||Directory dataset_info Created||||||||||||||||
=====================================================
Original_dataset info:
-----------------------------------------------------
Dataset length is: 8843
-----------------------------------------------------
Dataset sources info: 
  Source name:le15, Number of data: [8843]
-----------------------------------------------------
Mean: 371.39749225376
-----------------------------------------------------
Std: 74.12969546505596
=====================================================

=====================================================
Full_dataset info:
-----------------------------------------------------
Dataset length is: 7495
-----------------------------------------------------
Dataset sources info: 
  Source name:le15, Number of data: [7495]
-----------------------------------------------------
Mean: 381.1924904603069
-----------------------------------------------------
Std: 73.93122933930316
=====================================================

==========Fitting model 1/45========== True
hyperparameters: {'nb_epoch': 70, 'n_tasks': 1, 'batch_size': 32, 'n_atom_feat': 75, 'n_pair_feat': 14, 'T': 1, 'M': 1, 'dropout': 0.0, 'learning_rate': 0.005, 'mode': 'regression'}

----------Conducting CV 0----------
Loading raw samples now.
shard_size: 8192
About to start loading CSV from train_set.csv
Loading shard 1 of size 8192.
Featurizing sample 0
Featurizing sample 1000
Featurizing sample 2000
Featurizing sample 3000
Featurizing sample 4000
TIMING: featurizing shard 0 took 7.632 s
TIMING: dataset construction took 8.671 s
Loading dataset from disk.
Loading raw samples now.
shard_size: 8192
About to start loading CSV from valid_set.csv
Loading shard 1 of size 8192.
Featurizing sample 0
Featurizing sample 1000
TIMING: featurizing shard 0 took 1.880 s
TIMING: dataset construction took 2.112 s
Loading dataset from disk.
TIMING: dataset construction took 1.367 s
Loading dataset from disk.
TIMING: dataset construction took 0.314 s
Loading dataset from disk.
computed_metrics: [29.51383964104991]
train score:
computed_metrics: [29.202607267243536]

----------Conducting CV 1----------
Loading raw samples now.
shard_size: 8192
About to start loading CSV from train_set.csv
Loading shard 1 of size 8192.
Featurizing sample 0
Featurizing sample 1000
Featurizing sample 2000
Featurizing sample 3000
Featurizing sample 4000
TIMING: featurizing shard 0 took 7.802 s
TIMING: dataset construction took 8.855 s
Loading dataset from disk.
Loading raw samples now.
shard_size: 8192
About to start loading CSV from valid_set.csv
Loading shard 1 of size 8192.
Featurizing sample 0
Featurizing sample 1000
TIMING: featurizing shard 0 took 1.929 s
TIMING: dataset construction took 2.146 s
Loading dataset from disk.
TIMING: dataset construction took 1.553 s
Loading dataset from disk.
TIMING: dataset construction took 0.288 s
Loading dataset from disk.
computed_metrics: [30.982252323971743]
train score:
computed_metrics: [28.50721014719313]

----------Conducting CV 2----------
Loading raw samples now.
shard_size: 8192
About to start loading CSV from train_set.csv
Loading shard 1 of size 8192.
Featurizing sample 0
Featurizing sample 1000
Featurizing sample 2000
Featurizing sample 3000
Featurizing sample 4000
TIMING: featurizing shard 0 took 7.591 s
TIMING: dataset construction took 8.632 s
Loading dataset from disk.
Loading raw samples now.
shard_size: 8192
About to start loading CSV from valid_set.csv
Loading shard 1 of size 8192.
Featurizing sample 0
Featurizing sample 1000
TIMING: featurizing shard 0 took 1.814 s
TIMING: dataset construction took 2.023 s
Loading dataset from disk.
TIMING: dataset construction took 1.369 s
Loading dataset from disk.
TIMING: dataset construction took 0.279 s
Loading dataset from disk.
computed_metrics: [34.760429761703705]
train score:
computed_metrics: [31.267624213766716]

----------Conducting CV 3----------
Loading raw samples now.
shard_size: 8192
About to start loading CSV from train_set.csv
Loading shard 1 of size 8192.
Featurizing sample 0
Featurizing sample 1000
Featurizing sample 2000
Featurizing sample 3000
Featurizing sample 4000
TIMING: featurizing shard 0 took 7.354 s
TIMING: dataset construction took 8.345 s
Loading dataset from disk.
Loading raw samples now.
shard_size: 8192
About to start loading CSV from valid_set.csv
Loading shard 1 of size 8192.
Featurizing sample 0
Featurizing sample 1000
TIMING: featurizing shard 0 took 1.861 s
TIMING: dataset construction took 2.069 s
Loading dataset from disk.
TIMING: dataset construction took 1.369 s
Loading dataset from disk.
TIMING: dataset construction took 0.295 s
Loading dataset from disk.
computed_metrics: [30.615318818792502]
train score:
computed_metrics: [27.255514689203842]

----------Conducting CV 4----------
Loading raw samples now.
shard_size: 8192
About to start loading CSV from train_set.csv
Loading shard 1 of size 8192.
Featurizing sample 0
Featurizing sample 1000
Featurizing sample 2000
Featurizing sample 3000
Featurizing sample 4000
TIMING: featurizing shard 0 took 7.378 s
TIMING: dataset construction took 8.370 s
Loading dataset from disk.
Loading raw samples now.
shard_size: 8192
About to start loading CSV from valid_set.csv
Loading shard 1 of size 8192.
Featurizing sample 0
Featurizing sample 1000
TIMING: featurizing shard 0 took 1.834 s
TIMING: dataset construction took 2.046 s
Loading dataset from disk.
TIMING: dataset construction took 1.348 s
Loading dataset from disk.
TIMING: dataset construction took 0.286 s
Loading dataset from disk.
computed_metrics: [30.80092114631877]
train score:
computed_metrics: [28.691629174215045]
Model 1/45, Metric mean-rms_score, Validation set 0: 31.334552, Train set 0: 28.984917
	best_validation_score so far: 31.334552
==========Fitting model 2/45========== True
hyperparameters: {'nb_epoch': 70, 'n_tasks': 1, 'batch_size': 32, 'n_atom_feat': 75, 'n_pair_feat': 14, 'T': 1, 'M': 1, 'dropout': 0.0, 'learning_rate': 0.0005, 'mode': 'regression'}

----------Conducting CV 0----------
Loading raw samples now.
shard_size: 8192
About to start loading CSV from train_set.csv
Loading shard 1 of size 8192.
Featurizing sample 0
Featurizing sample 1000
Featurizing sample 2000
Featurizing sample 3000
Featurizing sample 4000
TIMING: featurizing shard 0 took 7.530 s
TIMING: dataset construction took 8.546 s
Loading dataset from disk.
Loading raw samples now.
shard_size: 8192
About to start loading CSV from valid_set.csv
Loading shard 1 of size 8192.
Featurizing sample 0
Featurizing sample 1000
TIMING: featurizing shard 0 took 1.891 s
TIMING: dataset construction took 2.104 s
Loading dataset from disk.
TIMING: dataset construction took 1.360 s
Loading dataset from disk.
TIMING: dataset construction took 0.287 s
Loading dataset from disk.
computed_metrics: [25.860404106291224]
train score:
computed_metrics: [26.201472345532093]

----------Conducting CV 1----------
Loading raw samples now.
shard_size: 8192
About to start loading CSV from train_set.csv
Loading shard 1 of size 8192.
Featurizing sample 0
Featurizing sample 1000
Featurizing sample 2000
Featurizing sample 3000
Featurizing sample 4000
TIMING: featurizing shard 0 took 7.433 s
TIMING: dataset construction took 8.459 s
Loading dataset from disk.
Loading raw samples now.
shard_size: 8192
About to start loading CSV from valid_set.csv
Loading shard 1 of size 8192.
Featurizing sample 0
Featurizing sample 1000
TIMING: featurizing shard 0 took 1.834 s
TIMING: dataset construction took 2.038 s
Loading dataset from disk.
TIMING: dataset construction took 1.535 s
Loading dataset from disk.
TIMING: dataset construction took 0.277 s
Loading dataset from disk.
computed_metrics: [28.184480905677354]
train score:
computed_metrics: [26.048899492030163]

----------Conducting CV 2----------
Loading raw samples now.
shard_size: 8192
About to start loading CSV from train_set.csv
Loading shard 1 of size 8192.
Featurizing sample 0
Featurizing sample 1000
Featurizing sample 2000
Featurizing sample 3000
Featurizing sample 4000
TIMING: featurizing shard 0 took 7.533 s
TIMING: dataset construction took 8.549 s
Loading dataset from disk.
Loading raw samples now.
shard_size: 8192
About to start loading CSV from valid_set.csv
Loading shard 1 of size 8192.
Featurizing sample 0
Featurizing sample 1000
TIMING: featurizing shard 0 took 1.829 s
TIMING: dataset construction took 2.021 s
Loading dataset from disk.
TIMING: dataset construction took 1.381 s
Loading dataset from disk.
TIMING: dataset construction took 0.299 s
Loading dataset from disk.
computed_metrics: [31.160087207852506]
train score:
computed_metrics: [27.45463916081135]

----------Conducting CV 3----------
Loading raw samples now.
shard_size: 8192
About to start loading CSV from train_set.csv
Loading shard 1 of size 8192.
Featurizing sample 0
Featurizing sample 1000
Featurizing sample 2000
Featurizing sample 3000
Featurizing sample 4000
TIMING: featurizing shard 0 took 7.569 s
TIMING: dataset construction took 8.589 s
Loading dataset from disk.
Loading raw samples now.
shard_size: 8192
About to start loading CSV from valid_set.csv
Loading shard 1 of size 8192.
Featurizing sample 0
Featurizing sample 1000
TIMING: featurizing shard 0 took 1.935 s
TIMING: dataset construction took 2.135 s
Loading dataset from disk.
TIMING: dataset construction took 1.412 s
Loading dataset from disk.
TIMING: dataset construction took 0.325 s
Loading dataset from disk.
computed_metrics: [30.347370110101668]
train score:
computed_metrics: [26.86517406255192]

----------Conducting CV 4----------
Loading raw samples now.
shard_size: 8192
About to start loading CSV from train_set.csv
Loading shard 1 of size 8192.
Featurizing sample 0
Featurizing sample 1000
Featurizing sample 2000
Featurizing sample 3000
Featurizing sample 4000
TIMING: featurizing shard 0 took 7.710 s
TIMING: dataset construction took 9.215 s
Loading dataset from disk.
Loading raw samples now.
shard_size: 8192
About to start loading CSV from valid_set.csv
Loading shard 1 of size 8192.
Featurizing sample 0
Featurizing sample 1000
TIMING: featurizing shard 0 took 1.984 s
TIMING: dataset construction took 2.216 s
Loading dataset from disk.
TIMING: dataset construction took 1.373 s
Loading dataset from disk.
TIMING: dataset construction took 0.332 s
Loading dataset from disk.
computed_metrics: [28.500546772921346]
train score:
computed_metrics: [25.893984096142063]
Model 2/45, Metric mean-rms_score, Validation set 1: 28.810578, Train set 1: 26.492834
	best_validation_score so far: 28.810578
==========Fitting model 3/45========== True
hyperparameters: {'nb_epoch': 70, 'n_tasks': 1, 'batch_size': 32, 'n_atom_feat': 75, 'n_pair_feat': 14, 'T': 1, 'M': 1, 'dropout': 0.0, 'learning_rate': 0.001, 'mode': 'regression'}

----------Conducting CV 0----------
Loading raw samples now.
shard_size: 8192
About to start loading CSV from train_set.csv
Loading shard 1 of size 8192.
Featurizing sample 0
Featurizing sample 1000
Featurizing sample 2000
Featurizing sample 3000
Featurizing sample 4000
TIMING: featurizing shard 0 took 7.696 s
TIMING: dataset construction took 8.750 s
Loading dataset from disk.
Loading raw samples now.
shard_size: 8192
About to start loading CSV from valid_set.csv
Loading shard 1 of size 8192.
Featurizing sample 0
Featurizing sample 1000
TIMING: featurizing shard 0 took 1.959 s
TIMING: dataset construction took 2.195 s
Loading dataset from disk.
TIMING: dataset construction took 1.377 s
Loading dataset from disk.
TIMING: dataset construction took 0.335 s
Loading dataset from disk.
computed_metrics: [25.818987366185073]
train score:
computed_metrics: [25.74902593051531]

----------Conducting CV 1----------
Loading raw samples now.
shard_size: 8192
About to start loading CSV from train_set.csv
Loading shard 1 of size 8192.
Featurizing sample 0
Featurizing sample 1000
Featurizing sample 2000
Featurizing sample 3000
Featurizing sample 4000
TIMING: featurizing shard 0 took 7.588 s
TIMING: dataset construction took 8.625 s
Loading dataset from disk.
Loading raw samples now.
shard_size: 8192
About to start loading CSV from valid_set.csv
Loading shard 1 of size 8192.
Featurizing sample 0
Featurizing sample 1000
TIMING: featurizing shard 0 took 1.902 s
TIMING: dataset construction took 2.132 s
Loading dataset from disk.
TIMING: dataset construction took 1.389 s
Loading dataset from disk.
TIMING: dataset construction took 0.324 s
Loading dataset from disk.
computed_metrics: [30.21661604352524]
train score:
computed_metrics: [27.2490423209077]

----------Conducting CV 2----------
Loading raw samples now.
shard_size: 8192
About to start loading CSV from train_set.csv
Loading shard 1 of size 8192.
Featurizing sample 0
Featurizing sample 1000
Featurizing sample 2000
Featurizing sample 3000
Featurizing sample 4000
TIMING: featurizing shard 0 took 7.633 s
TIMING: dataset construction took 8.683 s
Loading dataset from disk.
Loading raw samples now.
shard_size: 8192
About to start loading CSV from valid_set.csv
Loading shard 1 of size 8192.
Featurizing sample 0
Featurizing sample 1000
TIMING: featurizing shard 0 took 1.872 s
TIMING: dataset construction took 2.092 s
Loading dataset from disk.
TIMING: dataset construction took 1.432 s
Loading dataset from disk.
TIMING: dataset construction took 0.323 s
Loading dataset from disk.
computed_metrics: [29.598468064685193]
train score:
computed_metrics: [23.596379414187584]

----------Conducting CV 3----------
Loading raw samples now.
shard_size: 8192
About to start loading CSV from train_set.csv
Loading shard 1 of size 8192.
Featurizing sample 0
Featurizing sample 1000
Featurizing sample 2000
Featurizing sample 3000
Featurizing sample 4000
TIMING: featurizing shard 0 took 7.624 s
TIMING: dataset construction took 8.694 s
Loading dataset from disk.
Loading raw samples now.
shard_size: 8192
About to start loading CSV from valid_set.csv
Loading shard 1 of size 8192.
Featurizing sample 0
Featurizing sample 1000
TIMING: featurizing shard 0 took 1.919 s
TIMING: dataset construction took 2.145 s
Loading dataset from disk.
TIMING: dataset construction took 1.393 s
Loading dataset from disk.
TIMING: dataset construction took 0.316 s
Loading dataset from disk.
computed_metrics: [31.524051376902253]
train score:
computed_metrics: [26.955493399264327]

----------Conducting CV 4----------
Loading raw samples now.
shard_size: 8192
About to start loading CSV from train_set.csv
Loading shard 1 of size 8192.
Featurizing sample 0
Featurizing sample 1000
Featurizing sample 2000
Featurizing sample 3000
Featurizing sample 4000
TIMING: featurizing shard 0 took 7.568 s
TIMING: dataset construction took 8.622 s
Loading dataset from disk.
Loading raw samples now.
shard_size: 8192
About to start loading CSV from valid_set.csv
Loading shard 1 of size 8192.
Featurizing sample 0
Featurizing sample 1000
TIMING: featurizing shard 0 took 1.906 s
TIMING: dataset construction took 2.155 s
Loading dataset from disk.
TIMING: dataset construction took 1.412 s
Loading dataset from disk.
TIMING: dataset construction took 0.295 s
Loading dataset from disk.
computed_metrics: [30.405888768258855]
train score:
computed_metrics: [26.34923939010204]
Model 3/45, Metric mean-rms_score, Validation set 2: 29.512802, Train set 2: 25.979836
	best_validation_score so far: 28.810578
==========Fitting model 4/45========== True
hyperparameters: {'nb_epoch': 70, 'n_tasks': 1, 'batch_size': 32, 'n_atom_feat': 75, 'n_pair_feat': 14, 'T': 1, 'M': 1, 'dropout': 0.2, 'learning_rate': 0.005, 'mode': 'regression'}

----------Conducting CV 0----------
Loading raw samples now.
shard_size: 8192
About to start loading CSV from train_set.csv
Loading shard 1 of size 8192.
Featurizing sample 0
Featurizing sample 1000
Featurizing sample 2000
Featurizing sample 3000
Featurizing sample 4000
TIMING: featurizing shard 0 took 7.694 s
TIMING: dataset construction took 8.744 s
Loading dataset from disk.
Loading raw samples now.
shard_size: 8192
About to start loading CSV from valid_set.csv
Loading shard 1 of size 8192.
Featurizing sample 0
Featurizing sample 1000
TIMING: featurizing shard 0 took 1.936 s
TIMING: dataset construction took 2.183 s
Loading dataset from disk.
TIMING: dataset construction took 1.403 s
Loading dataset from disk.
TIMING: dataset construction took 0.339 s
Loading dataset from disk.
computed_metrics: [27.305873341049463]
train score:
computed_metrics: [26.40756285635772]

----------Conducting CV 1----------
Loading raw samples now.
shard_size: 8192
About to start loading CSV from train_set.csv
Loading shard 1 of size 8192.
Featurizing sample 0
Featurizing sample 1000
Featurizing sample 2000
Featurizing sample 3000
Featurizing sample 4000
TIMING: featurizing shard 0 took 7.635 s
TIMING: dataset construction took 8.724 s
Loading dataset from disk.
Loading raw samples now.
shard_size: 8192
About to start loading CSV from valid_set.csv
Loading shard 1 of size 8192.
Featurizing sample 0
Featurizing sample 1000
TIMING: featurizing shard 0 took 1.934 s
TIMING: dataset construction took 2.151 s
Loading dataset from disk.
TIMING: dataset construction took 1.423 s
Loading dataset from disk.
TIMING: dataset construction took 0.312 s
Loading dataset from disk.
computed_metrics: [31.400383185354926]
train score:
computed_metrics: [27.622668158352887]

----------Conducting CV 2----------
Loading raw samples now.
shard_size: 8192
About to start loading CSV from train_set.csv
Loading shard 1 of size 8192.
Featurizing sample 0
Featurizing sample 1000
Featurizing sample 2000
Featurizing sample 3000
Featurizing sample 4000
TIMING: featurizing shard 0 took 7.567 s
TIMING: dataset construction took 8.606 s
Loading dataset from disk.
Loading raw samples now.
shard_size: 8192
About to start loading CSV from valid_set.csv
Loading shard 1 of size 8192.
Featurizing sample 0
Featurizing sample 1000
TIMING: featurizing shard 0 took 1.885 s
TIMING: dataset construction took 2.442 s
Loading dataset from disk.
TIMING: dataset construction took 1.415 s
Loading dataset from disk.
TIMING: dataset construction took 0.312 s
Loading dataset from disk.
computed_metrics: [33.51360815376517]
train score:
computed_metrics: [29.373716111785367]

----------Conducting CV 3----------
Loading raw samples now.
shard_size: 8192
About to start loading CSV from train_set.csv
Loading shard 1 of size 8192.
Featurizing sample 0
Featurizing sample 1000
Featurizing sample 2000
Featurizing sample 3000
Featurizing sample 4000
TIMING: featurizing shard 0 took 7.744 s
TIMING: dataset construction took 8.808 s
Loading dataset from disk.
Loading raw samples now.
shard_size: 8192
About to start loading CSV from valid_set.csv
Loading shard 1 of size 8192.
Featurizing sample 0
Featurizing sample 1000
TIMING: featurizing shard 0 took 1.944 s
TIMING: dataset construction took 2.172 s
Loading dataset from disk.
TIMING: dataset construction took 1.418 s
Loading dataset from disk.
TIMING: dataset construction took 0.319 s
Loading dataset from disk.
computed_metrics: [30.898087633352045]
train score:
computed_metrics: [26.313935826983233]

----------Conducting CV 4----------
Loading raw samples now.
shard_size: 8192
About to start loading CSV from train_set.csv
Loading shard 1 of size 8192.
Featurizing sample 0
Featurizing sample 1000
Featurizing sample 2000
Featurizing sample 3000
Featurizing sample 4000
TIMING: featurizing shard 0 took 7.615 s
TIMING: dataset construction took 8.647 s
Loading dataset from disk.
Loading raw samples now.
shard_size: 8192
About to start loading CSV from valid_set.csv
Loading shard 1 of size 8192.
Featurizing sample 0
Featurizing sample 1000
TIMING: featurizing shard 0 took 1.887 s
TIMING: dataset construction took 2.095 s
Loading dataset from disk.
TIMING: dataset construction took 1.433 s
Loading dataset from disk.
TIMING: dataset construction took 0.340 s
Loading dataset from disk.
computed_metrics: [30.894475424398372]
train score:
computed_metrics: [28.41894129708003]
Model 4/45, Metric mean-rms_score, Validation set 3: 30.802486, Train set 3: 27.627365
	best_validation_score so far: 28.810578
==========Fitting model 5/45========== True
hyperparameters: {'nb_epoch': 70, 'n_tasks': 1, 'batch_size': 32, 'n_atom_feat': 75, 'n_pair_feat': 14, 'T': 1, 'M': 1, 'dropout': 0.2, 'learning_rate': 0.0005, 'mode': 'regression'}

----------Conducting CV 0----------
Loading raw samples now.
shard_size: 8192
About to start loading CSV from train_set.csv
Loading shard 1 of size 8192.
Featurizing sample 0
Featurizing sample 1000
Featurizing sample 2000
Featurizing sample 3000
Featurizing sample 4000
TIMING: featurizing shard 0 took 7.601 s
TIMING: dataset construction took 8.640 s
Loading dataset from disk.
Loading raw samples now.
shard_size: 8192
About to start loading CSV from valid_set.csv
Loading shard 1 of size 8192.
Featurizing sample 0
Featurizing sample 1000
TIMING: featurizing shard 0 took 1.924 s
TIMING: dataset construction took 2.179 s
Loading dataset from disk.
TIMING: dataset construction took 1.422 s
Loading dataset from disk.
TIMING: dataset construction took 0.300 s
Loading dataset from disk.
computed_metrics: [26.120240621884452]
train score:
computed_metrics: [26.518755658877307]

----------Conducting CV 1----------
Loading raw samples now.
shard_size: 8192
About to start loading CSV from train_set.csv
Loading shard 1 of size 8192.
Featurizing sample 0
Featurizing sample 1000
Featurizing sample 2000
Featurizing sample 3000
Featurizing sample 4000
TIMING: featurizing shard 0 took 7.666 s
TIMING: dataset construction took 8.704 s
Loading dataset from disk.
Loading raw samples now.
shard_size: 8192
About to start loading CSV from valid_set.csv
Loading shard 1 of size 8192.
Featurizing sample 0
Featurizing sample 1000
TIMING: featurizing shard 0 took 1.912 s
TIMING: dataset construction took 2.116 s
Loading dataset from disk.
TIMING: dataset construction took 1.421 s
Loading dataset from disk.
TIMING: dataset construction took 0.314 s
Loading dataset from disk.
computed_metrics: [27.86995961159084]
train score:
computed_metrics: [25.883241244515858]

----------Conducting CV 2----------
Loading raw samples now.
shard_size: 8192
About to start loading CSV from train_set.csv
Loading shard 1 of size 8192.
Featurizing sample 0
Featurizing sample 1000
Featurizing sample 2000
Featurizing sample 3000
Featurizing sample 4000
TIMING: featurizing shard 0 took 7.534 s
TIMING: dataset construction took 8.563 s
Loading dataset from disk.
Loading raw samples now.
shard_size: 8192
About to start loading CSV from valid_set.csv
Loading shard 1 of size 8192.
Featurizing sample 0
Featurizing sample 1000
TIMING: featurizing shard 0 took 1.853 s
TIMING: dataset construction took 2.073 s
Loading dataset from disk.
TIMING: dataset construction took 1.412 s
Loading dataset from disk.
TIMING: dataset construction took 0.309 s
Loading dataset from disk.
computed_metrics: [30.34450834017655]
train score:
computed_metrics: [25.5113924376349]

----------Conducting CV 3----------
Loading raw samples now.
shard_size: 8192
About to start loading CSV from train_set.csv
Loading shard 1 of size 8192.
Featurizing sample 0
Featurizing sample 1000
Featurizing sample 2000
Featurizing sample 3000
Featurizing sample 4000
TIMING: featurizing shard 0 took 7.590 s
TIMING: dataset construction took 8.614 s
Loading dataset from disk.
Loading raw samples now.
shard_size: 8192
About to start loading CSV from valid_set.csv
Loading shard 1 of size 8192.
Featurizing sample 0
Featurizing sample 1000
TIMING: featurizing shard 0 took 1.874 s
TIMING: dataset construction took 2.073 s
Loading dataset from disk.
TIMING: dataset construction took 1.382 s
Loading dataset from disk.
TIMING: dataset construction took 0.312 s
Loading dataset from disk.
computed_metrics: [29.300564810963408]
train score:
computed_metrics: [25.803101554967327]

----------Conducting CV 4----------
Loading raw samples now.
shard_size: 8192
About to start loading CSV from train_set.csv
Loading shard 1 of size 8192.
Featurizing sample 0
Featurizing sample 1000
Featurizing sample 2000
Featurizing sample 3000
Featurizing sample 4000
TIMING: featurizing shard 0 took 7.641 s
TIMING: dataset construction took 8.724 s
Loading dataset from disk.
Loading raw samples now.
shard_size: 8192
About to start loading CSV from valid_set.csv
Loading shard 1 of size 8192.
Featurizing sample 0
Featurizing sample 1000
TIMING: featurizing shard 0 took 1.908 s
TIMING: dataset construction took 2.157 s
Loading dataset from disk.
TIMING: dataset construction took 1.448 s
Loading dataset from disk.
TIMING: dataset construction took 0.343 s
Loading dataset from disk.
computed_metrics: [28.768868719563322]
train score:
computed_metrics: [26.144648231070057]
Model 5/45, Metric mean-rms_score, Validation set 4: 28.480828, Train set 4: 25.972228
	best_validation_score so far: 28.480828
==========Fitting model 6/45========== True
hyperparameters: {'nb_epoch': 70, 'n_tasks': 1, 'batch_size': 32, 'n_atom_feat': 75, 'n_pair_feat': 14, 'T': 1, 'M': 1, 'dropout': 0.2, 'learning_rate': 0.001, 'mode': 'regression'}

----------Conducting CV 0----------
Loading raw samples now.
shard_size: 8192
About to start loading CSV from train_set.csv
Loading shard 1 of size 8192.
Featurizing sample 0
Featurizing sample 1000
Featurizing sample 2000
Featurizing sample 3000
Featurizing sample 4000
TIMING: featurizing shard 0 took 7.764 s
TIMING: dataset construction took 8.860 s
Loading dataset from disk.
Loading raw samples now.
shard_size: 8192
About to start loading CSV from valid_set.csv
Loading shard 1 of size 8192.
Featurizing sample 0
Featurizing sample 1000
TIMING: featurizing shard 0 took 1.967 s
TIMING: dataset construction took 2.213 s
Loading dataset from disk.
TIMING: dataset construction took 1.429 s
Loading dataset from disk.
TIMING: dataset construction took 0.304 s
Loading dataset from disk.
computed_metrics: [26.359653833624844]
train score:
computed_metrics: [26.36950471121646]

----------Conducting CV 1----------
Loading raw samples now.
shard_size: 8192
About to start loading CSV from train_set.csv
Loading shard 1 of size 8192.
Featurizing sample 0
Featurizing sample 1000
Featurizing sample 2000
Featurizing sample 3000
Featurizing sample 4000
TIMING: featurizing shard 0 took 7.819 s
TIMING: dataset construction took 8.894 s
Loading dataset from disk.
Loading raw samples now.
shard_size: 8192
About to start loading CSV from valid_set.csv
Loading shard 1 of size 8192.
Featurizing sample 0
Featurizing sample 1000
TIMING: featurizing shard 0 took 1.879 s
TIMING: dataset construction took 2.093 s
Loading dataset from disk.
TIMING: dataset construction took 1.405 s
Loading dataset from disk.
TIMING: dataset construction took 0.308 s
Loading dataset from disk.
