About to load
|||||||||||||||||||||Loading le15.csv|||||||||||||||||||||||
||||||||||||||||Directory dataset_info Created||||||||||||||||
=====================================================
Original_dataset info:
-----------------------------------------------------
Dataset length is: 8843
-----------------------------------------------------
Dataset sources info: 
  Source name:le15, Number of data: [8843]
-----------------------------------------------------
Mean: 371.39749225375994
-----------------------------------------------------
Std: 74.12969546505596
=====================================================

About to split
=====================================================
Full_dataset info:
-----------------------------------------------------
Dataset length is: 7495
-----------------------------------------------------
Dataset sources info: 
  Source name:le15, Number of data: [7495]
-----------------------------------------------------
Mean: 381.1924904603069
-----------------------------------------------------
Std: 73.93122933930316
=====================================================

About to conduct cross validation
Loading raw samples now.
shard_size: 8192
About to start loading CSV from train_set.csv
Loading shard 1 of size 8192.
Featurizing sample 0
Featurizing sample 1000
Featurizing sample 2000
Featurizing sample 3000
Featurizing sample 4000
Featurizing sample 5000
TIMING: featurizing shard 0 took 9.027 s
TIMING: dataset construction took 10.317 s
Loading dataset from disk.
Loading raw samples now.
shard_size: 8192
About to start loading CSV from test_set.csv
Loading shard 1 of size 8192.
Featurizing sample 0
Featurizing sample 1000
TIMING: featurizing shard 0 took 2.174 s
TIMING: dataset construction took 2.477 s
Loading dataset from disk.
TIMING: dataset construction took 1.699 s
Loading dataset from disk.
TIMING: dataset construction took 0.370 s
Loading dataset from disk.
computed_metrics: [25.919387050518647]
computed_metrics: [16.805040241518647]
computed_metrics: [0.8761416855958526]
computed_metrics: [4.227191656775101]
computed_metrics: [0.9967825683812795]
=====================================================
CV_1_Train info:
-----------------------------------------------------
Dataset length is: 5996
-----------------------------------------------------
Dataset sources info: 
  Source name:le15, Number of data: [5996]
-----------------------------------------------------
Mean: 380.8852836891261
-----------------------------------------------------
Std: 74.01464878280363
=====================================================

=====================================================
CV_1_Test info:
-----------------------------------------------------
Dataset length is: 1499
-----------------------------------------------------
Dataset sources info: 
  Source name:le15, Number of data: [1499]
-----------------------------------------------------
Mean: 382.42131754503
-----------------------------------------------------
Std: 73.6083940435518
=====================================================

Loading raw samples now.
shard_size: 8192
About to start loading CSV from train_set.csv
Loading shard 1 of size 8192.
Featurizing sample 0
Featurizing sample 1000
Featurizing sample 2000
Featurizing sample 3000
Featurizing sample 4000
Featurizing sample 5000
TIMING: featurizing shard 0 took 9.460 s
TIMING: dataset construction took 10.800 s
Loading dataset from disk.
Loading raw samples now.
shard_size: 8192
About to start loading CSV from test_set.csv
Loading shard 1 of size 8192.
Featurizing sample 0
Featurizing sample 1000
TIMING: featurizing shard 0 took 2.299 s
TIMING: dataset construction took 2.571 s
Loading dataset from disk.
TIMING: dataset construction took 1.788 s
Loading dataset from disk.
TIMING: dataset construction took 0.400 s
Loading dataset from disk.
computed_metrics: [31.301470555489168]
computed_metrics: [18.076423566215553]
computed_metrics: [0.8197353129630014]
computed_metrics: [7.004840375863247]
computed_metrics: [0.9920002280644762]
=====================================================
CV_2_Train info:
-----------------------------------------------------
Dataset length is: 5996
-----------------------------------------------------
Dataset sources info: 
  Source name:le15, Number of data: [5996]
-----------------------------------------------------
Mean: 381.6067174783189
-----------------------------------------------------
Std: 74.22996602921098
=====================================================

=====================================================
CV_2_Test info:
-----------------------------------------------------
Dataset length is: 1499
-----------------------------------------------------
Dataset sources info: 
  Source name:le15, Number of data: [1499]
-----------------------------------------------------
Mean: 379.53558238825883
-----------------------------------------------------
Std: 72.72487929801555
=====================================================

Loading raw samples now.
shard_size: 8192
About to start loading CSV from train_set.csv
Loading shard 1 of size 8192.
Featurizing sample 0
Featurizing sample 1000
Featurizing sample 2000
Featurizing sample 3000
Featurizing sample 4000
Featurizing sample 5000
TIMING: featurizing shard 0 took 8.298 s
TIMING: dataset construction took 9.553 s
Loading dataset from disk.
Loading raw samples now.
shard_size: 8192
About to start loading CSV from test_set.csv
Loading shard 1 of size 8192.
Featurizing sample 0
Featurizing sample 1000
TIMING: featurizing shard 0 took 2.224 s
TIMING: dataset construction took 2.523 s
Loading dataset from disk.
TIMING: dataset construction took 1.639 s
Loading dataset from disk.
TIMING: dataset construction took 0.377 s
Loading dataset from disk.
computed_metrics: [29.415538566717505]
computed_metrics: [18.370104681610503]
computed_metrics: [0.8521029584569633]
computed_metrics: [8.711788737593182]
computed_metrics: [0.9881384873265133]
=====================================================
CV_3_Train info:
-----------------------------------------------------
Dataset length is: 5996
-----------------------------------------------------
Dataset sources info: 
  Source name:le15, Number of data: [5996]
-----------------------------------------------------
Mean: 381.1796412608406
-----------------------------------------------------
Std: 73.80173417370871
=====================================================

=====================================================
CV_3_Test info:
-----------------------------------------------------
Dataset length is: 1499
-----------------------------------------------------
Dataset sources info: 
  Source name:le15, Number of data: [1499]
-----------------------------------------------------
Mean: 381.24388725817215
-----------------------------------------------------
Std: 74.47169427113084
=====================================================

Loading raw samples now.
shard_size: 8192
About to start loading CSV from train_set.csv
Loading shard 1 of size 8192.
Featurizing sample 0
Featurizing sample 1000
Featurizing sample 2000
Featurizing sample 3000
Featurizing sample 4000
Featurizing sample 5000
TIMING: featurizing shard 0 took 8.406 s
TIMING: dataset construction took 9.631 s
Loading dataset from disk.
Loading raw samples now.
shard_size: 8192
About to start loading CSV from test_set.csv
Loading shard 1 of size 8192.
Featurizing sample 0
Featurizing sample 1000
TIMING: featurizing shard 0 took 2.153 s
TIMING: dataset construction took 2.439 s
Loading dataset from disk.
TIMING: dataset construction took 1.608 s
Loading dataset from disk.
TIMING: dataset construction took 0.392 s
Loading dataset from disk.
computed_metrics: [26.54350674526236]
computed_metrics: [16.955258975584147]
computed_metrics: [0.8753960530781015]
computed_metrics: [5.203960461070401]
computed_metrics: [0.9952506863896878]
=====================================================
CV_4_Train info:
-----------------------------------------------------
Dataset length is: 5996
-----------------------------------------------------
Dataset sources info: 
  Source name:le15, Number of data: [5996]
-----------------------------------------------------
Mean: 380.92434389593063
-----------------------------------------------------
Std: 73.64708864676142
=====================================================

=====================================================
CV_4_Test info:
-----------------------------------------------------
Dataset length is: 1499
-----------------------------------------------------
Dataset sources info: 
  Source name:le15, Number of data: [1499]
-----------------------------------------------------
Mean: 382.26507671781195
-----------------------------------------------------
Std: 75.0723145332238
=====================================================

Loading raw samples now.
shard_size: 8192
About to start loading CSV from train_set.csv
Loading shard 1 of size 8192.
Featurizing sample 0
Featurizing sample 1000
Featurizing sample 2000
Featurizing sample 3000
Featurizing sample 4000
Featurizing sample 5000
TIMING: featurizing shard 0 took 8.361 s
TIMING: dataset construction took 9.551 s
Loading dataset from disk.
Loading raw samples now.
shard_size: 8192
About to start loading CSV from test_set.csv
Loading shard 1 of size 8192.
Featurizing sample 0
Featurizing sample 1000
TIMING: featurizing shard 0 took 2.083 s
TIMING: dataset construction took 2.336 s
Loading dataset from disk.
TIMING: dataset construction took 1.542 s
Loading dataset from disk.
TIMING: dataset construction took 0.377 s
Loading dataset from disk.
computed_metrics: [27.564394319255037]
computed_metrics: [17.461960765430806]
computed_metrics: [0.8642447088076652]
computed_metrics: [7.776807733401013]
computed_metrics: [0.9904318798949371]
=====================================================
CV_5_Train info:
-----------------------------------------------------
Dataset length is: 5996
-----------------------------------------------------
Dataset sources info: 
  Source name:le15, Number of data: [5996]
-----------------------------------------------------
Mean: 381.3664659773182
-----------------------------------------------------
Std: 73.9650661328827
=====================================================

=====================================================
CV_5_Test info:
-----------------------------------------------------
Dataset length is: 1499
-----------------------------------------------------
Dataset sources info: 
  Source name:le15, Number of data: [1499]
-----------------------------------------------------
Mean: 380.49658839226146
-----------------------------------------------------
Std: 73.81627394844719
=====================================================

AAD = 4.5430544860734186
AAD_list = [4.330383844251742, 4.7002066958713975, 4.777553410642418, 4.375777556426146, 4.53135092317539]
RMSE = 28.14885944744854
RMSE_list = [25.919387050518647, 31.301470555489168, 29.415538566717505, 26.54350674526236, 27.564394319255037]
MAE = 17.53375764607193
MAE_list = [16.805040241518647, 18.076423566215553, 18.370104681610503, 16.955258975584147, 17.461960765430806]
R2 = 0.8575241437803168
R2_list = [0.8761416855958526, 0.8197353129630014, 0.8521029584569633, 0.8753960530781015, 0.8642447088076652]
About to make parity plots
||||||||||||||||Directory parity_plot Created||||||||||||||||
About to make residual plot
||||||||||||||||Directory residual_plot Created||||||||||||||||
About to plot full data
